<?xml version="1.0" encoding="UTF-8"?>
<!-- Generated by org.testng.reporters.JUnitXMLReporter -->
<testsuite ignored="0" hostname="DESKTOP-0ILCENT" failures="0" tests="38" name="My Test" time="731.093" errors="0" timestamp="2022-11-14T17:52:13 GST">
  <testcase classname="testCases.DashBoardTestCase" name="checkColorHomeBtn" time="1.37"/>
  <testcase classname="testCases.DashBoardTestCase" name="checkEnableBar" time="1.224"/>
  <testcase classname="testCases.DashBoardTestCase" name="checkProfileName" time="1.226"/>
  <testcase classname="testCases.LoginTestcase" name="verifyCheckBox" time="0.02"/>
  <testcase classname="testCases.LoginTestcase" name="verifyLoggedUsers" time="1.674"/>
  <testcase classname="testCases.LoginTestcase" name="verifyLoggedUsers" time="1.196"/>
  <testcase classname="testCases.LoginTestcase" name="verifyLoggedUsers1" time="0.016"/>
  <testcase classname="testCases.MngLocationTestcase" name="chkAddLocation" time="3.144"/>
  <testcase classname="testCases.MngLocationTestcase" name="getBgColor" time="1.666"/>
  <testcase classname="testCases.MngLocationTestcase" name="chkStatus" time="1.594"/>
  <testcase classname="testCases.MngLocationTestcase" name="getDelCharge" time="2.269"/>
  <testcase classname="testCases.MngLocationTestcase" name="chkStateselected" time="5.912"/>
  <testcase classname="testCases.MngLocationTestcase" name="chkDelLocation" time="2.27"/>
  <testcase classname="testCases.MngDelvryBoyTestcase" name="chkBgColor" time="4.531"/>
  <testcase classname="testCases.MngDelvryBoyTestcase" name="chkName" time="1.954"/>
  <testcase classname="testCases.MngDelvryBoyTestcase" name="chkToolTip" time="1.882"/>
  <testcase classname="testCases.MngExpenseTestcase" name="chkCalendar" time="6.482"/>
  <testcase classname="testCases.MngExpenseTestcase" name="chkFileUpload" time="13.028"/>
  <testcase classname="testCases.MngExpenseTestcase" name="chkSearchBtn" time="2.023"/>
  <testcase classname="testCases.MngExpenseTestcase" name="chkresetBtn" time="2.013"/>
  <testcase classname="testCases.MngOfferCodeTestcase" name="chkAddOffer" time="7.069"/>
  <testcase classname="testCases.MngOfferCodeTestcase" name="chkupdateOffer" time="3.171"/>
  <testcase classname="testCases.MngOfferCodeTestcase" name="chkDelOffer" time="4.899"/>
  <testcase classname="testCases.MngOfferCodeTestcase" name="chkUrlPage" time="1.19"/>
  <testcase classname="testCases.MngOrdersTestcase" name="chkElementsStatus" time="1.96"/>
  <testcase classname="testCases.MngOrdersTestcase" name="chkElementsStatus" time="2.019"/>
  <testcase classname="testCases.MngOrdersTestcase" name="chkElementsStatus" time="2.041"/>
  <testcase classname="testCases.MngOrdersTestcase" name="chkSrchByPaymentMode" time="2.967"/>
  <testcase classname="testCases.MobSliderTestcase" name="chkImagePresent" time="10.412"/>
  <testcase classname="testCases.MobSliderTestcase" name="chkStatus" time="2.426"/>
  <testcase classname="testCases.MobSliderTestcase" name="chkTitle" time="1.867"/>
  <testcase classname="testCases.MobSliderTestcase" name="chkbgcolor" time="4.921"/>
  <testcase classname="testCases.MobSliderTestcase" name="uploadBigImage" time="22.469"/>
  <testcase classname="testCases.PushNotificationTestcase" name="chkBgColor" time="1.542"/>
  <testcase classname="testCases.PushNotificationTestcase" name="chkMsg" time="2.527"/>
  <testcase classname="testCases.PushNotificationTestcase" name="chkText" time="1.641"/>
  <testcase classname="testCases.AdminUsersTestcase" name="compUserTypes" time="1.649"/>
  <testcase classname="testCases.AdminUsersTestcase" name="validateUniqueUserName" time="2.169"/>
</testsuite> <!-- My Test -->
