<?xml version="1.0" encoding="UTF-8"?>
<!-- Generated by org.testng.reporters.JUnitXMLReporter -->
<testsuite ignored="0" hostname="DESKTOP-0ILCENT" failures="0" tests="31" name="My Test" time="422.161" errors="0" timestamp="2022-11-10T21:34:38 GST">
  <testcase classname="testCases.DashBoardTestCase" name="checkColorHomeBtn" time="1.531"/>
  <testcase classname="testCases.DashBoardTestCase" name="checkEnableBar" time="1.503"/>
  <testcase classname="testCases.DashBoardTestCase" name="checkProfileName" time="1.35"/>
  <testcase classname="testCases.LoginTestcase" name="verifyCheckBox" time="0.032"/>
  <testcase classname="testCases.LoginTestcase" name="verifyLoggedUsers" time="1.931"/>
  <testcase classname="testCases.LoginTestcase" name="verifyLoggedUsers1" time="0.029"/>
  <testcase classname="testCases.MngLocationTestcase" name="chkStateselected" time="6.629"/>
  <testcase classname="testCases.MngLocationTestcase" name="chkStatus" time="1.722"/>
  <testcase classname="testCases.MngLocationTestcase" name="getBgColor" time="1.773"/>
  <testcase classname="testCases.MngLocationTestcase" name="getDelCharge" time="1.88"/>
  <testcase classname="testCases.MngDelvryBoyTestcase" name="chkBgColor" time="4.806"/>
  <testcase classname="testCases.MngDelvryBoyTestcase" name="chkName" time="2.381"/>
  <testcase classname="testCases.MngDelvryBoyTestcase" name="chkToolTip" time="1.891"/>
  <testcase classname="testCases.MngExpenseTestcase" name="chkCalendar" time="0.001"/>
  <testcase classname="testCases.MngExpenseTestcase" name="chkFileUpload" time="17.4"/>
  <testcase classname="testCases.MngOfferCodeTestcase" name="chkAddOffer" time="7.819"/>
  <testcase classname="testCases.MngOfferCodeTestcase" name="chkUrlPage" time="1.4"/>
  <testcase classname="testCases.MngOrdersTestcase" name="chkElementsStatus" time="2.225"/>
  <testcase classname="testCases.MngOrdersTestcase" name="chkElementsStatus" time="2.285"/>
  <testcase classname="testCases.MngOrdersTestcase" name="chkElementsStatus" time="2.235"/>
  <testcase classname="testCases.MngOrdersTestcase" name="chkSrchByPaymentMode" time="3.83"/>
  <testcase classname="testCases.MobSliderTestcase" name="chkImagePresent" time="10.098"/>
  <testcase classname="testCases.MobSliderTestcase" name="chkStatus" time="2.144"/>
  <testcase classname="testCases.MobSliderTestcase" name="chkTitle" time="2.094"/>
  <testcase classname="testCases.MobSliderTestcase" name="chkbgcolor" time="5.046"/>
  <testcase classname="testCases.MobSliderTestcase" name="uploadBigImage" time="22.311"/>
  <testcase classname="testCases.PushNotificationTestcase" name="chkBgColor" time="1.759"/>
  <testcase classname="testCases.PushNotificationTestcase" name="chkMsg" time="2.689"/>
  <testcase classname="testCases.PushNotificationTestcase" name="chkText" time="1.759"/>
  <testcase classname="testCases.AdminUsersTestcase" name="compUserTypes" time="1.912"/>
  <testcase classname="testCases.AdminUsersTestcase" name="validateUniqueUserName" time="2.721"/>
</testsuite> <!-- My Test -->
