<?xml version="1.0" encoding="UTF-8"?>
<!-- Generated by org.testng.reporters.JUnitXMLReporter -->
<testsuite ignored="0" hostname="DESKTOP-0ILCENT" failures="0" tests="38" name="ChromeTest1" time="981.604" errors="0" timestamp="2022-11-14T17:05:35 GST">
  <testcase classname="testCases.BaseClass" name="@BeforeMethod beforemethod" time="180.853">
    <failure type="org.openqa.selenium.TimeoutException" message="java.util.concurrent.TimeoutException
Build info: version: &amp;apos;4.4.0&amp;apos;, revision: &amp;apos;e5c75ed026a&amp;apos;
System info: host: &amp;apos;DESKTOP-0ILCENT&amp;apos;, ip: &amp;apos;192.168.100.14&amp;apos;, os.name: &amp;apos;Windows 11&amp;apos;, os.arch: &amp;apos;amd64&amp;apos;, os.version: &amp;apos;10.0&amp;apos;, java.version: &amp;apos;17.0.3&amp;apos;
Driver info: org.openqa.selenium.chrome.ChromeDriver
Command: [0cacc54f6b35a9a309f0a7db30a8ca23, get {url=https://groceryapp.uniqassosiates.com/admin/login}]
Capabilities {acceptInsecureCerts: false, browserName: chrome, browserVersion: 107.0.5304.107, chrome: {chromedriverVersion: 107.0.5304.62 (1eec40d3a576..., userDataDir: C:\Users\sanal\AppData\Loca...}, goog:chromeOptions: {debuggerAddress: localhost:53947}, networkConnectionEnabled: false, pageLoadStrategy: normal, platformName: WINDOWS, proxy: Proxy(), se:cdp: ws://localhost:53947/devtoo..., se:cdpVersion: 107.0.5304.107, setWindowRect: true, strictFileInteractability: false, timeouts: {implicit: 0, pageLoad: 300000, script: 30000}, unhandledPromptBehavior: dismiss and notify, webauthn:extension:credBlob: true, webauthn:extension:largeBlob: true, webauthn:virtualAuthenticators: true}
Session ID: 0cacc54f6b35a9a309f0a7db30a8ca23">
      <![CDATA[org.openqa.selenium.TimeoutException: java.util.concurrent.TimeoutException
Build info: version: '4.4.0', revision: 'e5c75ed026a'
System info: host: 'DESKTOP-0ILCENT', ip: '192.168.100.14', os.name: 'Windows 11', os.arch: 'amd64', os.version: '10.0', java.version: '17.0.3'
Driver info: org.openqa.selenium.chrome.ChromeDriver
Command: [0cacc54f6b35a9a309f0a7db30a8ca23, get {url=https://groceryapp.uniqassosiates.com/admin/login}]
Capabilities {acceptInsecureCerts: false, browserName: chrome, browserVersion: 107.0.5304.107, chrome: {chromedriverVersion: 107.0.5304.62 (1eec40d3a576..., userDataDir: C:\Users\sanal\AppData\Loca...}, goog:chromeOptions: {debuggerAddress: localhost:53947}, networkConnectionEnabled: false, pageLoadStrategy: normal, platformName: WINDOWS, proxy: Proxy(), se:cdp: ws://localhost:53947/devtoo..., se:cdpVersion: 107.0.5304.107, setWindowRect: true, strictFileInteractability: false, timeouts: {implicit: 0, pageLoad: 300000, script: 30000}, unhandledPromptBehavior: dismiss and notify, webauthn:extension:credBlob: true, webauthn:extension:largeBlob: true, webauthn:virtualAuthenticators: true}
Session ID: 0cacc54f6b35a9a309f0a7db30a8ca23
at org.openqa.selenium.remote.http.netty.NettyHttpHandler.makeCall(NettyHttpHandler.java:65)
at org.openqa.selenium.remote.http.AddSeleniumUserAgent.lambda$apply$0(AddSeleniumUserAgent.java:42)
at org.openqa.selenium.remote.http.Filter.lambda$andFinally$1(Filter.java:56)
at org.openqa.selenium.remote.http.netty.NettyHttpHandler.execute(NettyHttpHandler.java:49)
at org.openqa.selenium.remote.http.AddSeleniumUserAgent.lambda$apply$0(AddSeleniumUserAgent.java:42)
at org.openqa.selenium.remote.http.Filter.lambda$andFinally$1(Filter.java:56)
at org.openqa.selenium.remote.http.netty.NettyClient.execute(NettyClient.java:98)
at org.openqa.selenium.remote.HttpCommandExecutor.execute(HttpCommandExecutor.java:181)
at org.openqa.selenium.remote.service.DriverCommandExecutor.invokeExecute(DriverCommandExecutor.java:167)
at org.openqa.selenium.remote.service.DriverCommandExecutor.execute(DriverCommandExecutor.java:142)
at org.openqa.selenium.remote.RemoteWebDriver.execute(RemoteWebDriver.java:547)
at org.openqa.selenium.remote.RemoteWebDriver.get(RemoteWebDriver.java:310)
at testCases.BaseClass.beforemethod(BaseClass.java:50)
at java.base/java.util.ArrayList.forEach(ArrayList.java:1511)
Caused by: java.util.concurrent.TimeoutException
at java.base/java.util.concurrent.CompletableFuture.timedGet(CompletableFuture.java:1960)
at java.base/java.util.concurrent.CompletableFuture.get(CompletableFuture.java:2095)
at org.asynchttpclient.netty.NettyResponseFuture.get(NettyResponseFuture.java:206)
at org.openqa.selenium.remote.http.netty.NettyHttpHandler.makeCall(NettyHttpHandler.java:59)
... 44 more
... Removed 31 stack frames]]>
    </failure>
  </testcase> <!-- @BeforeMethod beforemethod -->
  <testcase classname="testCases.BaseClass" name="@AfterMethod aftermethod" time="-1.668430347782E9">
    <skipped/>
  </testcase> <!-- @AfterMethod aftermethod -->
  <testcase classname="testCases.BaseClass" name="@AfterMethod aftermethod" time="-1.668430353311E9">
    <skipped/>
  </testcase> <!-- @AfterMethod aftermethod -->
  <testcase classname="testCases.DashBoardTestCase" name="checkColorHomeBtn" time="4.132"/>
  <testcase classname="testCases.DashBoardTestCase" name="checkEnableBar" time="0.0">
    <skipped/>
  </testcase> <!-- checkEnableBar -->
  <testcase classname="testCases.DashBoardTestCase" name="checkProfileName" time="0.0">
    <skipped/>
  </testcase> <!-- checkProfileName -->
  <testcase classname="testCases.LoginTestcase" name="verifyCheckBox" time="0.015"/>
  <testcase classname="testCases.LoginTestcase" name="verifyLoggedUsers" time="1.81"/>
  <testcase classname="testCases.LoginTestcase" name="verifyLoggedUsers" time="1.348"/>
  <testcase classname="testCases.LoginTestcase" name="verifyLoggedUsers1" time="0.019"/>
  <testcase classname="testCases.MngLocationTestcase" name="chkAddLocation" time="3.294"/>
  <testcase classname="testCases.MngLocationTestcase" name="getBgColor" time="1.63"/>
  <testcase classname="testCases.MngLocationTestcase" name="chkStatus" time="1.57"/>
  <testcase classname="testCases.MngLocationTestcase" name="getDelCharge" time="1.64"/>
  <testcase classname="testCases.MngLocationTestcase" name="chkStateselected" time="5.817"/>
  <testcase classname="testCases.MngLocationTestcase" name="chkDelLocation" time="2.136"/>
  <testcase classname="testCases.MngDelvryBoyTestcase" name="chkBgColor" time="4.653"/>
  <testcase classname="testCases.MngDelvryBoyTestcase" name="chkName" time="2.238"/>
  <testcase classname="testCases.MngDelvryBoyTestcase" name="chkToolTip" time="1.772"/>
  <testcase classname="testCases.MngExpenseTestcase" name="chkCalendar" time="6.542"/>
  <testcase classname="testCases.MngExpenseTestcase" name="chkFileUpload" time="13.198"/>
  <testcase classname="testCases.MngExpenseTestcase" name="chkSearchBtn" time="2.061"/>
  <testcase classname="testCases.MngExpenseTestcase" name="chkresetBtn" time="1.912"/>
  <testcase classname="testCases.MngOfferCodeTestcase" name="chkAddOffer" time="7.748"/>
  <testcase classname="testCases.MngOfferCodeTestcase" name="chkupdateOffer" time="3.34"/>
  <testcase classname="testCases.MngOfferCodeTestcase" name="chkDelOffer" time="4.981"/>
  <testcase classname="testCases.MngOfferCodeTestcase" name="chkUrlPage" time="1.257"/>
  <testcase classname="testCases.MngOrdersTestcase" name="chkElementsStatus" time="2.068"/>
  <testcase classname="testCases.MngOrdersTestcase" name="chkElementsStatus" time="1.963"/>
  <testcase classname="testCases.MngOrdersTestcase" name="chkElementsStatus" time="2.515"/>
  <testcase classname="testCases.MngOrdersTestcase" name="chkSrchByPaymentMode" time="3.043"/>
  <testcase classname="testCases.MobSliderTestcase" name="chkImagePresent" time="10.775"/>
  <testcase classname="testCases.MobSliderTestcase" name="chkStatus" time="2.226"/>
  <testcase classname="testCases.MobSliderTestcase" name="chkTitle" time="2.083"/>
  <testcase classname="testCases.MobSliderTestcase" name="chkbgcolor" time="4.935"/>
  <testcase classname="testCases.MobSliderTestcase" name="uploadBigImage" time="23.664"/>
  <testcase classname="testCases.PushNotificationTestcase" name="chkBgColor" time="1.576"/>
  <testcase classname="testCases.PushNotificationTestcase" name="chkMsg" time="2.88"/>
  <testcase classname="testCases.PushNotificationTestcase" name="chkText" time="1.576"/>
  <testcase classname="testCases.AdminUsersTestcase" name="compUserTypes" time="1.979"/>
  <testcase classname="testCases.AdminUsersTestcase" name="validateUniqueUserName" time="2.263"/>
</testsuite> <!-- ChromeTest1 -->
