<?xml version="1.0" encoding="UTF-8"?>
<!-- Generated by org.testng.reporters.JUnitXMLReporter -->
<testsuite ignored="0" hostname="DESKTOP-0ILCENT" failures="2" tests="29" name="ChromeTest1" time="412.124" errors="0" timestamp="2022-11-05T17:49:34 GST">
  <testcase classname="testCases.DashBoardTestCase" name="checkColorHomeBtn" time="1.751"/>
  <testcase classname="testCases.DashBoardTestCase" name="checkEnableBar" time="1.679"/>
  <testcase classname="testCases.DashBoardTestCase" name="checkProfileName" time="1.625"/>
  <testcase classname="testCases.LoginTestcase" name="verifyCheckBox" time="0.016"/>
  <testcase classname="testCases.LoginTestcase" name="verifyLoggedUsers" time="2.397"/>
  <testcase classname="testCases.LoginTestcase" name="verifyLoggedUsers1" time="0.015"/>
  <testcase classname="testCases.MngLocationTestcase" name="chkStateselected" time="6.793"/>
  <testcase classname="testCases.MngLocationTestcase" name="chkStatus" time="2.075">
    <failure type="java.lang.AssertionError" message="Displayed text is not as expected expected [Active] but found [Inactive]">
      <![CDATA[java.lang.AssertionError: Displayed text is not as expected expected [Active] but found [Inactive]
at testCases.MngLocationTestcase.chkStatus(MngLocationTestcase.java:37)
at java.base/java.util.ArrayList.forEach(ArrayList.java:1511)
... Removed 32 stack frames]]>
    </failure>
  </testcase> <!-- chkStatus -->
  <testcase classname="testCases.MngLocationTestcase" name="getBgColor" time="2.07">
    <failure type="java.lang.AssertionError" message="Displayed text style is not as expected expected [rgba(40, 167, 69, 1)] but found [rgba(255, 193, 7, 1)]">
      <![CDATA[java.lang.AssertionError: Displayed text style is not as expected expected [rgba(40, 167, 69, 1)] but found [rgba(255, 193, 7, 1)]
at testCases.MngLocationTestcase.getBgColor(MngLocationTestcase.java:47)
at java.base/java.util.ArrayList.forEach(ArrayList.java:1511)
... Removed 32 stack frames]]>
    </failure>
  </testcase> <!-- getBgColor -->
  <testcase classname="testCases.MngLocationTestcase" name="getDelCharge" time="2.119"/>
  <testcase classname="testCases.MngDelvryBoyTestcase" name="chkBgColor" time="5.19"/>
  <testcase classname="testCases.MngDelvryBoyTestcase" name="chkName" time="2.524"/>
  <testcase classname="testCases.MngDelvryBoyTestcase" name="chkToolTip" time="2.129"/>
  <testcase classname="testCases.MngExpenseTestcase" name="chkCalendar" time="0.0"/>
  <testcase classname="testCases.MngExpenseTestcase" name="chkFileUpload" time="15.339"/>
  <testcase classname="testCases.MngOfferCodeTestcase" name="chkAddOffer" time="10.122"/>
  <testcase classname="testCases.MngOfferCodeTestcase" name="chkUrlPage" time="1.621"/>
  <testcase classname="testCases.MngOrdersTestcase" name="chkElementsStatus" time="2.547"/>
  <testcase classname="testCases.MngOrdersTestcase" name="chkElementsStatus" time="2.589"/>
  <testcase classname="testCases.MngOrdersTestcase" name="chkElementsStatus" time="2.874"/>
  <testcase classname="testCases.MngOrdersTestcase" name="chkSrchByPaymentMode" time="3.773"/>
  <testcase classname="testCases.MobSliderTestcase" name="chkImagePresent" time="11.284"/>
  <testcase classname="testCases.MobSliderTestcase" name="chkStatus" time="2.905"/>
  <testcase classname="testCases.MobSliderTestcase" name="chkTitle" time="3.106"/>
  <testcase classname="testCases.MobSliderTestcase" name="chkbgcolor" time="5.481"/>
  <testcase classname="testCases.MobSliderTestcase" name="uploadBigImage" time="33.815"/>
  <testcase classname="testCases.PushNotificationTestcase" name="chkBgColor" time="2.142"/>
  <testcase classname="testCases.PushNotificationTestcase" name="chkMsg" time="3.166"/>
  <testcase classname="testCases.PushNotificationTestcase" name="chkText" time="2.058"/>
</testsuite> <!-- ChromeTest1 -->
