<?xml version="1.0" encoding="UTF-8"?>
<testng-results ignored="0" total="4" passed="4" failed="0" skipped="0">
  <reporter-output>
  </reporter-output>
  <suite started-at="2022-11-08T18:24:34 GST" name="My Testsuite" finished-at="2022-11-08T18:25:33 GST" duration-ms="58857">
    <groups>
    </groups>
    <test started-at="2022-11-08T18:24:34 GST" name="ChromeTest" finished-at="2022-11-08T18:25:33 GST" duration-ms="58857">
      <class name="testCases.MngLocationTestcase">
        <test-method is-config="true" signature="beforemethod(java.lang.String)[pri:0, instance:testCases.MngLocationTestcase@611889f4]" started-at="2022-11-08T18:24:34 GST" name="beforemethod" finished-at="2022-11-08T18:24:42 GST" duration-ms="7671" status="PASS">
          <params>
            <param index="0">
              <value>
                <![CDATA[chrome]]>
              </value>
            </param>
          </params>
          <reporter-output>
          </reporter-output>
        </test-method> <!-- beforemethod -->
        <test-method signature="chkStateselected()[pri:0, instance:testCases.MngLocationTestcase@611889f4]" started-at="2022-11-08T18:24:42 GST" name="chkStateselected" finished-at="2022-11-08T18:24:49 GST" duration-ms="7484" status="PASS">
          <reporter-output>
          </reporter-output>
        </test-method> <!-- chkStateselected -->
        <test-method is-config="true" signature="aftermethod(org.testng.ITestResult)[pri:0, instance:testCases.MngLocationTestcase@611889f4]" started-at="2022-11-08T18:24:49 GST" name="aftermethod" finished-at="2022-11-08T18:24:50 GST" duration-ms="445" status="PASS">
          <params>
            <param index="0">
              <value>
                <![CDATA[[TestResult name=chkStateselected status=SUCCESS method=MngLocationTestcase.chkStateselected()[pri:0, instance:testCases.MngLocationTestcase@611889f4] output={null}]]]>
              </value>
            </param>
          </params>
          <reporter-output>
          </reporter-output>
        </test-method> <!-- aftermethod -->
        <test-method is-config="true" signature="beforemethod(java.lang.String)[pri:0, instance:testCases.MngLocationTestcase@611889f4]" started-at="2022-11-08T18:24:50 GST" name="beforemethod" finished-at="2022-11-08T18:24:57 GST" duration-ms="6942" status="PASS">
          <params>
            <param index="0">
              <value>
                <![CDATA[chrome]]>
              </value>
            </param>
          </params>
          <reporter-output>
          </reporter-output>
        </test-method> <!-- beforemethod -->
        <test-method signature="chkStatus()[pri:0, instance:testCases.MngLocationTestcase@611889f4]" started-at="2022-11-08T18:24:57 GST" name="chkStatus" finished-at="2022-11-08T18:24:59 GST" duration-ms="2254" status="PASS">
          <reporter-output>
          </reporter-output>
        </test-method> <!-- chkStatus -->
        <test-method is-config="true" signature="aftermethod(org.testng.ITestResult)[pri:0, instance:testCases.MngLocationTestcase@611889f4]" started-at="2022-11-08T18:24:59 GST" name="aftermethod" finished-at="2022-11-08T18:24:59 GST" duration-ms="309" status="PASS">
          <params>
            <param index="0">
              <value>
                <![CDATA[[TestResult name=chkStatus status=SUCCESS method=MngLocationTestcase.chkStatus()[pri:0, instance:testCases.MngLocationTestcase@611889f4] output={null}]]]>
              </value>
            </param>
          </params>
          <reporter-output>
          </reporter-output>
        </test-method> <!-- aftermethod -->
        <test-method is-config="true" signature="beforemethod(java.lang.String)[pri:0, instance:testCases.MngLocationTestcase@611889f4]" started-at="2022-11-08T18:24:59 GST" name="beforemethod" finished-at="2022-11-08T18:25:06 GST" duration-ms="6269" status="PASS">
          <params>
            <param index="0">
              <value>
                <![CDATA[chrome]]>
              </value>
            </param>
          </params>
          <reporter-output>
          </reporter-output>
        </test-method> <!-- beforemethod -->
        <test-method signature="getBgColor()[pri:0, instance:testCases.MngLocationTestcase@611889f4]" started-at="2022-11-08T18:25:06 GST" name="getBgColor" finished-at="2022-11-08T18:25:08 GST" duration-ms="2376" status="PASS">
          <reporter-output>
          </reporter-output>
        </test-method> <!-- getBgColor -->
        <test-method is-config="true" signature="aftermethod(org.testng.ITestResult)[pri:0, instance:testCases.MngLocationTestcase@611889f4]" started-at="2022-11-08T18:25:08 GST" name="aftermethod" finished-at="2022-11-08T18:25:08 GST" duration-ms="258" status="PASS">
          <params>
            <param index="0">
              <value>
                <![CDATA[[TestResult name=getBgColor status=SUCCESS method=MngLocationTestcase.getBgColor()[pri:0, instance:testCases.MngLocationTestcase@611889f4] output={null}]]]>
              </value>
            </param>
          </params>
          <reporter-output>
          </reporter-output>
        </test-method> <!-- aftermethod -->
        <test-method is-config="true" signature="beforemethod(java.lang.String)[pri:0, instance:testCases.MngLocationTestcase@611889f4]" started-at="2022-11-08T18:25:08 GST" name="beforemethod" finished-at="2022-11-08T18:25:15 GST" duration-ms="6271" status="PASS">
          <params>
            <param index="0">
              <value>
                <![CDATA[chrome]]>
              </value>
            </param>
          </params>
          <reporter-output>
          </reporter-output>
        </test-method> <!-- beforemethod -->
        <test-method signature="getDelCharge()[pri:0, instance:testCases.MngLocationTestcase@611889f4]" started-at="2022-11-08T18:25:15 GST" name="getDelCharge" finished-at="2022-11-08T18:25:17 GST" duration-ms="2302" status="PASS">
          <reporter-output>
          </reporter-output>
        </test-method> <!-- getDelCharge -->
        <test-method is-config="true" signature="aftermethod(org.testng.ITestResult)[pri:0, instance:testCases.MngLocationTestcase@611889f4]" started-at="2022-11-08T18:25:17 GST" name="aftermethod" finished-at="2022-11-08T18:25:33 GST" duration-ms="16201" status="PASS">
          <params>
            <param index="0">
              <value>
                <![CDATA[[TestResult name=getDelCharge status=SUCCESS method=MngLocationTestcase.getDelCharge()[pri:0, instance:testCases.MngLocationTestcase@611889f4] output={null}]]]>
              </value>
            </param>
          </params>
          <reporter-output>
          </reporter-output>
        </test-method> <!-- aftermethod -->
      </class> <!-- testCases.MngLocationTestcase -->
    </test> <!-- ChromeTest -->
  </suite> <!-- My Testsuite -->
</testng-results>
