<?xml version="1.0" encoding="UTF-8"?>
<testng-results ignored="2" total="4" passed="2" failed="0" skipped="0">
  <reporter-output>
  </reporter-output>
  <suite started-at="2022-11-05T18:41:19 GST" name="My Testsuite" finished-at="2022-11-05T18:41:41 GST" duration-ms="21419">
    <groups>
    </groups>
    <test started-at="2022-11-05T18:41:19 GST" name="ChromeTest" finished-at="2022-11-05T18:41:41 GST" duration-ms="21419">
      <class name="testCases.MngLocationTestcase">
        <test-method is-config="true" signature="beforemethod(java.lang.String)[pri:0, instance:testCases.MngLocationTestcase@7e7be63f]" started-at="2022-11-05T18:41:19 GST" name="beforemethod" finished-at="2022-11-05T18:41:28 GST" duration-ms="8823" status="PASS">
          <params>
            <param index="0">
              <value>
                <![CDATA[chrome]]>
              </value>
            </param>
          </params>
          <reporter-output>
          </reporter-output>
        </test-method> <!-- beforemethod -->
        <test-method signature="chkStatus()[pri:0, instance:testCases.MngLocationTestcase@7e7be63f]" started-at="2022-11-05T18:41:28 GST" name="chkStatus" finished-at="2022-11-05T18:41:31 GST" duration-ms="2658" status="PASS">
          <reporter-output>
          </reporter-output>
        </test-method> <!-- chkStatus -->
        <test-method is-config="true" signature="aftermethod(org.testng.ITestResult)[pri:0, instance:testCases.MngLocationTestcase@7e7be63f]" started-at="2022-11-05T18:41:31 GST" name="aftermethod" finished-at="2022-11-05T18:41:31 GST" duration-ms="413" status="PASS">
          <params>
            <param index="0">
              <value>
                <![CDATA[[TestResult name=chkStatus status=SUCCESS method=MngLocationTestcase.chkStatus()[pri:0, instance:testCases.MngLocationTestcase@7e7be63f] output={null}]]]>
              </value>
            </param>
          </params>
          <reporter-output>
          </reporter-output>
        </test-method> <!-- aftermethod -->
        <test-method is-config="true" signature="beforemethod(java.lang.String)[pri:0, instance:testCases.MngLocationTestcase@7e7be63f]" started-at="2022-11-05T18:41:31 GST" name="beforemethod" finished-at="2022-11-05T18:41:38 GST" duration-ms="6681" status="PASS">
          <params>
            <param index="0">
              <value>
                <![CDATA[chrome]]>
              </value>
            </param>
          </params>
          <reporter-output>
          </reporter-output>
        </test-method> <!-- beforemethod -->
        <test-method signature="getBgColor()[pri:0, instance:testCases.MngLocationTestcase@7e7be63f]" started-at="2022-11-05T18:41:38 GST" name="getBgColor" finished-at="2022-11-05T18:41:40 GST" duration-ms="2418" status="PASS">
          <reporter-output>
          </reporter-output>
        </test-method> <!-- getBgColor -->
        <test-method is-config="true" signature="aftermethod(org.testng.ITestResult)[pri:0, instance:testCases.MngLocationTestcase@7e7be63f]" started-at="2022-11-05T18:41:40 GST" name="aftermethod" finished-at="2022-11-05T18:41:41 GST" duration-ms="350" status="PASS">
          <params>
            <param index="0">
              <value>
                <![CDATA[[TestResult name=getBgColor status=SUCCESS method=MngLocationTestcase.getBgColor()[pri:0, instance:testCases.MngLocationTestcase@7e7be63f] output={null}]]]>
              </value>
            </param>
          </params>
          <reporter-output>
          </reporter-output>
        </test-method> <!-- aftermethod -->
      </class> <!-- testCases.MngLocationTestcase -->
    </test> <!-- ChromeTest -->
  </suite> <!-- My Testsuite -->
</testng-results>
