<?xml version="1.0" encoding="UTF-8"?>
<testng-results ignored="1" total="2" passed="1" failed="0" skipped="0">
  <reporter-output>
  </reporter-output>
  <suite started-at="2022-11-12T20:33:06 GST" name="My Testsuite" finished-at="2022-11-12T20:33:23 GST" duration-ms="16699">
    <groups>
    </groups>
    <test started-at="2022-11-12T20:33:06 GST" name="ChromeTest" finished-at="2022-11-12T20:33:23 GST" duration-ms="16699">
      <class name="testCases.MngExpenseTestcase">
        <test-method is-config="true" signature="beforemethod(java.lang.String)[pri:0, instance:testCases.MngExpenseTestcase@7e7be63f]" started-at="2022-11-12T20:33:06 GST" name="beforemethod" finished-at="2022-11-12T20:33:15 GST" duration-ms="8841" status="PASS">
          <params>
            <param index="0">
              <value>
                <![CDATA[chrome]]>
              </value>
            </param>
          </params>
          <reporter-output>
          </reporter-output>
        </test-method> <!-- beforemethod -->
        <test-method signature="chkCalendar()[pri:0, instance:testCases.MngExpenseTestcase@7e7be63f]" started-at="2022-11-12T20:33:15 GST" name="chkCalendar" finished-at="2022-11-12T20:33:23 GST" duration-ms="7417" status="PASS">
          <reporter-output>
          </reporter-output>
        </test-method> <!-- chkCalendar -->
        <test-method is-config="true" signature="aftermethod(org.testng.ITestResult)[pri:0, instance:testCases.MngExpenseTestcase@7e7be63f]" started-at="2022-11-12T20:33:23 GST" name="aftermethod" finished-at="2022-11-12T20:33:23 GST" duration-ms="384" status="PASS">
          <params>
            <param index="0">
              <value>
                <![CDATA[[TestResult name=chkCalendar status=SUCCESS method=MngExpenseTestcase.chkCalendar()[pri:0, instance:testCases.MngExpenseTestcase@7e7be63f] output={null}]]]>
              </value>
            </param>
          </params>
          <reporter-output>
          </reporter-output>
        </test-method> <!-- aftermethod -->
      </class> <!-- testCases.MngExpenseTestcase -->
    </test> <!-- ChromeTest -->
  </suite> <!-- My Testsuite -->
</testng-results>
