<?xml version="1.0" encoding="UTF-8"?>
<testng-results ignored="0" total="31" passed="30" failed="1" skipped="0">
  <reporter-output>
  </reporter-output>
  <suite started-at="2022-11-08T16:06:36 GST" name="My Testsuite2" finished-at="2022-11-08T16:14:04 GST" duration-ms="447741">
    <groups>
      <group name="SmokeTest">
        <method signature="DashBoardTestCase.checkProfileName()[pri:0, instance:testCases.DashBoardTestCase@3c7f66c4]" name="checkProfileName" class="testCases.DashBoardTestCase"/>
        <method signature="LoginTestcase.verifyLoggedUsers1()[pri:0, instance:testCases.LoginTestcase@5a45133e]" name="verifyLoggedUsers1" class="testCases.LoginTestcase"/>
      </group> <!-- SmokeTest -->
    </groups>
    <test started-at="2022-11-08T16:06:36 GST" name="ChromeTest1" finished-at="2022-11-08T16:14:04 GST" duration-ms="447741">
      <class name="testCases.MngExpenseTestcase">
        <test-method is-config="true" signature="beforemethod(java.lang.String)[pri:0, instance:testCases.MngExpenseTestcase@130c12b7]" started-at="2022-11-08T16:09:22 GST" name="beforemethod" finished-at="2022-11-08T16:09:28 GST" duration-ms="6304" status="PASS">
          <params>
            <param index="0">
              <value>
                <![CDATA[chrome]]>
              </value>
            </param>
          </params>
          <reporter-output>
          </reporter-output>
        </test-method> <!-- beforemethod -->
        <test-method signature="chkCalendar()[pri:0, instance:testCases.MngExpenseTestcase@130c12b7]" started-at="2022-11-08T16:09:28 GST" name="chkCalendar" finished-at="2022-11-08T16:09:28 GST" duration-ms="0" status="PASS">
          <reporter-output>
          </reporter-output>
        </test-method> <!-- chkCalendar -->
        <test-method is-config="true" signature="aftermethod(org.testng.ITestResult)[pri:0, instance:testCases.MngExpenseTestcase@130c12b7]" started-at="2022-11-08T16:09:28 GST" name="aftermethod" finished-at="2022-11-08T16:09:28 GST" duration-ms="267" status="PASS">
          <params>
            <param index="0">
              <value>
                <![CDATA[[TestResult name=chkCalendar status=SUCCESS method=MngExpenseTestcase.chkCalendar()[pri:0, instance:testCases.MngExpenseTestcase@130c12b7] output={null}]]]>
              </value>
            </param>
          </params>
          <reporter-output>
          </reporter-output>
        </test-method> <!-- aftermethod -->
        <test-method is-config="true" signature="beforemethod(java.lang.String)[pri:0, instance:testCases.MngExpenseTestcase@130c12b7]" started-at="2022-11-08T16:09:28 GST" name="beforemethod" finished-at="2022-11-08T16:09:34 GST" duration-ms="6025" status="PASS">
          <params>
            <param index="0">
              <value>
                <![CDATA[chrome]]>
              </value>
            </param>
          </params>
          <reporter-output>
          </reporter-output>
        </test-method> <!-- beforemethod -->
        <test-method signature="chkFileUpload()[pri:0, instance:testCases.MngExpenseTestcase@130c12b7]" started-at="2022-11-08T16:09:34 GST" name="chkFileUpload" finished-at="2022-11-08T16:09:52 GST" duration-ms="18008" status="PASS">
          <reporter-output>
          </reporter-output>
        </test-method> <!-- chkFileUpload -->
        <test-method is-config="true" signature="aftermethod(org.testng.ITestResult)[pri:0, instance:testCases.MngExpenseTestcase@130c12b7]" started-at="2022-11-08T16:09:52 GST" name="aftermethod" finished-at="2022-11-08T16:09:53 GST" duration-ms="328" status="PASS">
          <params>
            <param index="0">
              <value>
                <![CDATA[[TestResult name=chkFileUpload status=SUCCESS method=MngExpenseTestcase.chkFileUpload()[pri:0, instance:testCases.MngExpenseTestcase@130c12b7] output={null}]]]>
              </value>
            </param>
          </params>
          <reporter-output>
          </reporter-output>
        </test-method> <!-- aftermethod -->
      </class> <!-- testCases.MngExpenseTestcase -->
      <class name="testCases.MngDelvryBoyTestcase">
        <test-method is-config="true" signature="beforemethod(java.lang.String)[pri:0, instance:testCases.MngDelvryBoyTestcase@121314f7]" started-at="2022-11-08T16:08:36 GST" name="beforemethod" finished-at="2022-11-08T16:08:42 GST" duration-ms="6107" status="PASS">
          <params>
            <param index="0">
              <value>
                <![CDATA[chrome]]>
              </value>
            </param>
          </params>
          <reporter-output>
          </reporter-output>
        </test-method> <!-- beforemethod -->
        <test-method signature="chkBgColor()[pri:0, instance:testCases.MngDelvryBoyTestcase@121314f7]" started-at="2022-11-08T16:08:42 GST" name="chkBgColor" finished-at="2022-11-08T16:08:47 GST" duration-ms="5191" status="PASS">
          <reporter-output>
          </reporter-output>
        </test-method> <!-- chkBgColor -->
        <test-method is-config="true" signature="aftermethod(org.testng.ITestResult)[pri:0, instance:testCases.MngDelvryBoyTestcase@121314f7]" started-at="2022-11-08T16:08:47 GST" name="aftermethod" finished-at="2022-11-08T16:08:48 GST" duration-ms="321" status="PASS">
          <params>
            <param index="0">
              <value>
                <![CDATA[[TestResult name=chkBgColor status=SUCCESS method=MngDelvryBoyTestcase.chkBgColor()[pri:0, instance:testCases.MngDelvryBoyTestcase@121314f7] output={null}]]]>
              </value>
            </param>
          </params>
          <reporter-output>
          </reporter-output>
        </test-method> <!-- aftermethod -->
        <test-method is-config="true" signature="beforemethod(java.lang.String)[pri:0, instance:testCases.MngDelvryBoyTestcase@121314f7]" started-at="2022-11-08T16:08:48 GST" name="beforemethod" finished-at="2022-11-08T16:08:54 GST" duration-ms="6180" status="PASS">
          <params>
            <param index="0">
              <value>
                <![CDATA[chrome]]>
              </value>
            </param>
          </params>
          <reporter-output>
          </reporter-output>
        </test-method> <!-- beforemethod -->
        <test-method signature="chkName()[pri:0, instance:testCases.MngDelvryBoyTestcase@121314f7]" started-at="2022-11-08T16:08:54 GST" name="chkName" finished-at="2022-11-08T16:08:57 GST" duration-ms="2777" status="PASS">
          <reporter-output>
          </reporter-output>
        </test-method> <!-- chkName -->
        <test-method is-config="true" signature="aftermethod(org.testng.ITestResult)[pri:0, instance:testCases.MngDelvryBoyTestcase@121314f7]" started-at="2022-11-08T16:08:57 GST" name="aftermethod" finished-at="2022-11-08T16:08:57 GST" duration-ms="336" status="PASS">
          <params>
            <param index="0">
              <value>
                <![CDATA[[TestResult name=chkName status=SUCCESS method=MngDelvryBoyTestcase.chkName()[pri:0, instance:testCases.MngDelvryBoyTestcase@121314f7] output={null}]]]>
              </value>
            </param>
          </params>
          <reporter-output>
          </reporter-output>
        </test-method> <!-- aftermethod -->
        <test-method is-config="true" signature="beforemethod(java.lang.String)[pri:0, instance:testCases.MngDelvryBoyTestcase@121314f7]" started-at="2022-11-08T16:08:57 GST" name="beforemethod" finished-at="2022-11-08T16:09:03 GST" duration-ms="6159" status="PASS">
          <params>
            <param index="0">
              <value>
                <![CDATA[chrome]]>
              </value>
            </param>
          </params>
          <reporter-output>
          </reporter-output>
        </test-method> <!-- beforemethod -->
        <test-method signature="chkToolTip()[pri:0, instance:testCases.MngDelvryBoyTestcase@121314f7]" started-at="2022-11-08T16:09:03 GST" name="chkToolTip" finished-at="2022-11-08T16:09:06 GST" duration-ms="2366" status="PASS">
          <reporter-output>
          </reporter-output>
        </test-method> <!-- chkToolTip -->
        <test-method is-config="true" signature="aftermethod(org.testng.ITestResult)[pri:0, instance:testCases.MngDelvryBoyTestcase@121314f7]" started-at="2022-11-08T16:09:06 GST" name="aftermethod" finished-at="2022-11-08T16:09:22 GST" duration-ms="16189" status="PASS">
          <params>
            <param index="0">
              <value>
                <![CDATA[[TestResult name=chkToolTip status=SUCCESS method=MngDelvryBoyTestcase.chkToolTip()[pri:0, instance:testCases.MngDelvryBoyTestcase@121314f7] output={null}]]]>
              </value>
            </param>
          </params>
          <reporter-output>
          </reporter-output>
        </test-method> <!-- aftermethod -->
      </class> <!-- testCases.MngDelvryBoyTestcase -->
      <class name="testCases.LoginTestcase">
        <test-method is-config="true" signature="beforemethod(java.lang.String)[pri:0, instance:testCases.LoginTestcase@5a45133e]" started-at="2022-11-08T16:07:18 GST" name="beforemethod" finished-at="2022-11-08T16:07:24 GST" duration-ms="6105" status="PASS">
          <params>
            <param index="0">
              <value>
                <![CDATA[chrome]]>
              </value>
            </param>
          </params>
          <reporter-output>
          </reporter-output>
        </test-method> <!-- beforemethod -->
        <test-method signature="verifyCheckBox()[pri:0, instance:testCases.LoginTestcase@5a45133e]" started-at="2022-11-08T16:07:24 GST" name="verifyCheckBox" finished-at="2022-11-08T16:07:24 GST" duration-ms="31" status="PASS">
          <reporter-output>
          </reporter-output>
        </test-method> <!-- verifyCheckBox -->
        <test-method is-config="true" signature="aftermethod(org.testng.ITestResult)[pri:0, instance:testCases.LoginTestcase@5a45133e]" started-at="2022-11-08T16:07:24 GST" name="aftermethod" finished-at="2022-11-08T16:07:24 GST" duration-ms="281" status="PASS">
          <params>
            <param index="0">
              <value>
                <![CDATA[[TestResult name=verifyCheckBox status=SUCCESS method=LoginTestcase.verifyCheckBox()[pri:0, instance:testCases.LoginTestcase@5a45133e] output={null}]]]>
              </value>
            </param>
          </params>
          <reporter-output>
          </reporter-output>
        </test-method> <!-- aftermethod -->
        <test-method is-config="true" signature="beforemethod(java.lang.String)[pri:0, instance:testCases.LoginTestcase@5a45133e]" started-at="2022-11-08T16:07:24 GST" name="beforemethod" finished-at="2022-11-08T16:07:30 GST" duration-ms="6068" status="PASS">
          <params>
            <param index="0">
              <value>
                <![CDATA[chrome]]>
              </value>
            </param>
          </params>
          <reporter-output>
          </reporter-output>
        </test-method> <!-- beforemethod -->
        <test-method signature="verifyLoggedUsers()[pri:0, instance:testCases.LoginTestcase@5a45133e]" started-at="2022-11-08T16:07:30 GST" name="verifyLoggedUsers" finished-at="2022-11-08T16:07:33 GST" duration-ms="2370" status="PASS">
          <reporter-output>
          </reporter-output>
        </test-method> <!-- verifyLoggedUsers -->
        <test-method is-config="true" signature="aftermethod(org.testng.ITestResult)[pri:0, instance:testCases.LoginTestcase@5a45133e]" started-at="2022-11-08T16:07:33 GST" name="aftermethod" finished-at="2022-11-08T16:07:33 GST" duration-ms="288" status="PASS">
          <params>
            <param index="0">
              <value>
                <![CDATA[[TestResult name=verifyLoggedUsers status=SUCCESS method=LoginTestcase.verifyLoggedUsers()[pri:0, instance:testCases.LoginTestcase@5a45133e] output={null}]]]>
              </value>
            </param>
          </params>
          <reporter-output>
          </reporter-output>
        </test-method> <!-- aftermethod -->
        <test-method is-config="true" signature="beforemethod(java.lang.String)[pri:0, instance:testCases.LoginTestcase@5a45133e]" started-at="2022-11-08T16:07:33 GST" name="beforemethod" finished-at="2022-11-08T16:07:39 GST" duration-ms="6092" status="PASS">
          <params>
            <param index="0">
              <value>
                <![CDATA[chrome]]>
              </value>
            </param>
          </params>
          <reporter-output>
          </reporter-output>
        </test-method> <!-- beforemethod -->
        <test-method signature="verifyLoggedUsers1()[pri:0, instance:testCases.LoginTestcase@5a45133e]" started-at="2022-11-08T16:07:39 GST" name="verifyLoggedUsers1" finished-at="2022-11-08T16:07:39 GST" duration-ms="26" status="PASS">
          <reporter-output>
          </reporter-output>
        </test-method> <!-- verifyLoggedUsers1 -->
        <test-method is-config="true" signature="aftermethod(org.testng.ITestResult)[pri:0, instance:testCases.LoginTestcase@5a45133e]" started-at="2022-11-08T16:07:39 GST" name="aftermethod" finished-at="2022-11-08T16:07:39 GST" duration-ms="284" status="PASS">
          <params>
            <param index="0">
              <value>
                <![CDATA[[TestResult name=verifyLoggedUsers1 status=SUCCESS method=LoginTestcase.verifyLoggedUsers1()[pri:0, instance:testCases.LoginTestcase@5a45133e] output={null}]]]>
              </value>
            </param>
          </params>
          <reporter-output>
          </reporter-output>
        </test-method> <!-- aftermethod -->
      </class> <!-- testCases.LoginTestcase -->
      <class name="testCases.MngLocationTestcase">
        <test-method is-config="true" signature="beforemethod(java.lang.String)[pri:0, instance:testCases.MngLocationTestcase@60bd273d]" started-at="2022-11-08T16:07:39 GST" name="beforemethod" finished-at="2022-11-08T16:07:46 GST" duration-ms="6092" status="PASS">
          <params>
            <param index="0">
              <value>
                <![CDATA[chrome]]>
              </value>
            </param>
          </params>
          <reporter-output>
          </reporter-output>
        </test-method> <!-- beforemethod -->
        <test-method signature="chkStateselected()[pri:0, instance:testCases.MngLocationTestcase@60bd273d]" started-at="2022-11-08T16:07:46 GST" name="chkStateselected" finished-at="2022-11-08T16:07:54 GST" duration-ms="8063" status="PASS">
          <reporter-output>
          </reporter-output>
        </test-method> <!-- chkStateselected -->
        <test-method is-config="true" signature="aftermethod(org.testng.ITestResult)[pri:0, instance:testCases.MngLocationTestcase@60bd273d]" started-at="2022-11-08T16:07:54 GST" name="aftermethod" finished-at="2022-11-08T16:07:54 GST" duration-ms="364" status="PASS">
          <params>
            <param index="0">
              <value>
                <![CDATA[[TestResult name=chkStateselected status=SUCCESS method=MngLocationTestcase.chkStateselected()[pri:0, instance:testCases.MngLocationTestcase@60bd273d] output={null}]]]>
              </value>
            </param>
          </params>
          <reporter-output>
          </reporter-output>
        </test-method> <!-- aftermethod -->
        <test-method is-config="true" signature="beforemethod(java.lang.String)[pri:0, instance:testCases.MngLocationTestcase@60bd273d]" started-at="2022-11-08T16:07:54 GST" name="beforemethod" finished-at="2022-11-08T16:08:00 GST" duration-ms="6451" status="PASS">
          <params>
            <param index="0">
              <value>
                <![CDATA[chrome]]>
              </value>
            </param>
          </params>
          <reporter-output>
          </reporter-output>
        </test-method> <!-- beforemethod -->
        <test-method signature="chkStatus()[pri:0, instance:testCases.MngLocationTestcase@60bd273d]" started-at="2022-11-08T16:08:00 GST" name="chkStatus" finished-at="2022-11-08T16:08:03 GST" duration-ms="2299" status="PASS">
          <reporter-output>
          </reporter-output>
        </test-method> <!-- chkStatus -->
        <test-method is-config="true" signature="aftermethod(org.testng.ITestResult)[pri:0, instance:testCases.MngLocationTestcase@60bd273d]" started-at="2022-11-08T16:08:03 GST" name="aftermethod" finished-at="2022-11-08T16:08:03 GST" duration-ms="225" status="PASS">
          <params>
            <param index="0">
              <value>
                <![CDATA[[TestResult name=chkStatus status=SUCCESS method=MngLocationTestcase.chkStatus()[pri:0, instance:testCases.MngLocationTestcase@60bd273d] output={null}]]]>
              </value>
            </param>
          </params>
          <reporter-output>
          </reporter-output>
        </test-method> <!-- aftermethod -->
        <test-method is-config="true" signature="beforemethod(java.lang.String)[pri:0, instance:testCases.MngLocationTestcase@60bd273d]" started-at="2022-11-08T16:08:03 GST" name="beforemethod" finished-at="2022-11-08T16:08:09 GST" duration-ms="6110" status="PASS">
          <params>
            <param index="0">
              <value>
                <![CDATA[chrome]]>
              </value>
            </param>
          </params>
          <reporter-output>
          </reporter-output>
        </test-method> <!-- beforemethod -->
        <test-method signature="getBgColor()[pri:0, instance:testCases.MngLocationTestcase@60bd273d]" started-at="2022-11-08T16:08:09 GST" name="getBgColor" finished-at="2022-11-08T16:08:11 GST" duration-ms="2136" status="PASS">
          <reporter-output>
          </reporter-output>
        </test-method> <!-- getBgColor -->
        <test-method is-config="true" signature="aftermethod(org.testng.ITestResult)[pri:0, instance:testCases.MngLocationTestcase@60bd273d]" started-at="2022-11-08T16:08:11 GST" name="aftermethod" finished-at="2022-11-08T16:08:27 GST" duration-ms="16234" status="PASS">
          <params>
            <param index="0">
              <value>
                <![CDATA[[TestResult name=getBgColor status=SUCCESS method=MngLocationTestcase.getBgColor()[pri:0, instance:testCases.MngLocationTestcase@60bd273d] output={null}]]]>
              </value>
            </param>
          </params>
          <reporter-output>
          </reporter-output>
        </test-method> <!-- aftermethod -->
        <test-method is-config="true" signature="beforemethod(java.lang.String)[pri:0, instance:testCases.MngLocationTestcase@60bd273d]" started-at="2022-11-08T16:08:27 GST" name="beforemethod" finished-at="2022-11-08T16:08:34 GST" duration-ms="6247" status="PASS">
          <params>
            <param index="0">
              <value>
                <![CDATA[chrome]]>
              </value>
            </param>
          </params>
          <reporter-output>
          </reporter-output>
        </test-method> <!-- beforemethod -->
        <test-method signature="getDelCharge()[pri:0, instance:testCases.MngLocationTestcase@60bd273d]" started-at="2022-11-08T16:08:34 GST" name="getDelCharge" finished-at="2022-11-08T16:08:36 GST" duration-ms="2312" status="PASS">
          <reporter-output>
          </reporter-output>
        </test-method> <!-- getDelCharge -->
        <test-method is-config="true" signature="aftermethod(org.testng.ITestResult)[pri:0, instance:testCases.MngLocationTestcase@60bd273d]" started-at="2022-11-08T16:08:36 GST" name="aftermethod" finished-at="2022-11-08T16:08:36 GST" duration-ms="215" status="PASS">
          <params>
            <param index="0">
              <value>
                <![CDATA[[TestResult name=getDelCharge status=SUCCESS method=MngLocationTestcase.getDelCharge()[pri:0, instance:testCases.MngLocationTestcase@60bd273d] output={null}]]]>
              </value>
            </param>
          </params>
          <reporter-output>
          </reporter-output>
        </test-method> <!-- aftermethod -->
      </class> <!-- testCases.MngLocationTestcase -->
      <class name="testCases.MngOrdersTestcase">
        <test-method is-config="true" signature="beforemethod(java.lang.String)[pri:0, instance:testCases.MngOrdersTestcase@576d5deb]" started-at="2022-11-08T16:10:27 GST" name="beforemethod" finished-at="2022-11-08T16:10:33 GST" duration-ms="6061" status="PASS">
          <params>
            <param index="0">
              <value>
                <![CDATA[chrome]]>
              </value>
            </param>
          </params>
          <reporter-output>
          </reporter-output>
        </test-method> <!-- beforemethod -->
        <test-method signature="chkElementsStatus(java.lang.String)[pri:0, instance:testCases.MngOrdersTestcase@576d5deb]" started-at="2022-11-08T16:10:33 GST" name="chkElementsStatus" data-provider="data-provider" finished-at="2022-11-08T16:10:36 GST" duration-ms="2822" status="PASS">
          <params>
            <param index="0">
              <value>
                <![CDATA[Select]]>
              </value>
            </param>
          </params>
          <reporter-output>
          </reporter-output>
        </test-method> <!-- chkElementsStatus -->
        <test-method is-config="true" signature="aftermethod(org.testng.ITestResult)[pri:0, instance:testCases.MngOrdersTestcase@576d5deb]" started-at="2022-11-08T16:10:36 GST" name="aftermethod" finished-at="2022-11-08T16:10:36 GST" duration-ms="229" status="PASS">
          <params>
            <param index="0">
              <value>
                <![CDATA[[TestResult name=chkElementsStatus status=SUCCESS method=MngOrdersTestcase.chkElementsStatus(java.lang.String)[pri:0, instance:testCases.MngOrdersTestcase@576d5deb] output={null}]]]>
              </value>
            </param>
          </params>
          <reporter-output>
          </reporter-output>
        </test-method> <!-- aftermethod -->
        <test-method is-config="true" signature="beforemethod(java.lang.String)[pri:0, instance:testCases.MngOrdersTestcase@576d5deb]" started-at="2022-11-08T16:10:36 GST" name="beforemethod" finished-at="2022-11-08T16:10:42 GST" duration-ms="6049" status="PASS">
          <params>
            <param index="0">
              <value>
                <![CDATA[chrome]]>
              </value>
            </param>
          </params>
          <reporter-output>
          </reporter-output>
        </test-method> <!-- beforemethod -->
        <test-method signature="chkElementsStatus(java.lang.String)[pri:0, instance:testCases.MngOrdersTestcase@576d5deb]" started-at="2022-11-08T16:10:42 GST" name="chkElementsStatus" data-provider="data-provider" finished-at="2022-11-08T16:10:45 GST" duration-ms="2715" status="PASS">
          <params>
            <param index="0">
              <value>
                <![CDATA[Out For Delivery]]>
              </value>
            </param>
          </params>
          <reporter-output>
          </reporter-output>
        </test-method> <!-- chkElementsStatus -->
        <test-method is-config="true" signature="aftermethod(org.testng.ITestResult)[pri:0, instance:testCases.MngOrdersTestcase@576d5deb]" started-at="2022-11-08T16:10:45 GST" name="aftermethod" finished-at="2022-11-08T16:11:01 GST" duration-ms="16233" status="PASS">
          <params>
            <param index="0">
              <value>
                <![CDATA[[TestResult name=chkElementsStatus status=SUCCESS method=MngOrdersTestcase.chkElementsStatus(java.lang.String)[pri:0, instance:testCases.MngOrdersTestcase@576d5deb] output={null}]]]>
              </value>
            </param>
          </params>
          <reporter-output>
          </reporter-output>
        </test-method> <!-- aftermethod -->
        <test-method is-config="true" signature="beforemethod(java.lang.String)[pri:0, instance:testCases.MngOrdersTestcase@576d5deb]" started-at="2022-11-08T16:11:01 GST" name="beforemethod" finished-at="2022-11-08T16:11:07 GST" duration-ms="6366" status="PASS">
          <params>
            <param index="0">
              <value>
                <![CDATA[chrome]]>
              </value>
            </param>
          </params>
          <reporter-output>
          </reporter-output>
        </test-method> <!-- beforemethod -->
        <test-method signature="chkElementsStatus(java.lang.String)[pri:0, instance:testCases.MngOrdersTestcase@576d5deb]" started-at="2022-11-08T16:11:07 GST" name="chkElementsStatus" data-provider="data-provider" finished-at="2022-11-08T16:11:10 GST" duration-ms="3143" status="PASS">
          <params>
            <param index="0">
              <value>
                <![CDATA[Delivered]]>
              </value>
            </param>
          </params>
          <reporter-output>
          </reporter-output>
        </test-method> <!-- chkElementsStatus -->
        <test-method is-config="true" signature="aftermethod(org.testng.ITestResult)[pri:0, instance:testCases.MngOrdersTestcase@576d5deb]" started-at="2022-11-08T16:11:10 GST" name="aftermethod" finished-at="2022-11-08T16:11:11 GST" duration-ms="309" status="PASS">
          <params>
            <param index="0">
              <value>
                <![CDATA[[TestResult name=chkElementsStatus status=SUCCESS method=MngOrdersTestcase.chkElementsStatus(java.lang.String)[pri:0, instance:testCases.MngOrdersTestcase@576d5deb] output={null}]]]>
              </value>
            </param>
          </params>
          <reporter-output>
          </reporter-output>
        </test-method> <!-- aftermethod -->
        <test-method is-config="true" signature="beforemethod(java.lang.String)[pri:0, instance:testCases.MngOrdersTestcase@576d5deb]" started-at="2022-11-08T16:11:11 GST" name="beforemethod" finished-at="2022-11-08T16:11:17 GST" duration-ms="6083" status="PASS">
          <params>
            <param index="0">
              <value>
                <![CDATA[chrome]]>
              </value>
            </param>
          </params>
          <reporter-output>
          </reporter-output>
        </test-method> <!-- beforemethod -->
        <test-method signature="chkSrchByPaymentMode()[pri:0, instance:testCases.MngOrdersTestcase@576d5deb]" started-at="2022-11-08T16:11:17 GST" name="chkSrchByPaymentMode" finished-at="2022-11-08T16:11:21 GST" duration-ms="4669" status="PASS">
          <reporter-output>
          </reporter-output>
        </test-method> <!-- chkSrchByPaymentMode -->
        <test-method is-config="true" signature="aftermethod(org.testng.ITestResult)[pri:0, instance:testCases.MngOrdersTestcase@576d5deb]" started-at="2022-11-08T16:11:21 GST" name="aftermethod" finished-at="2022-11-08T16:11:22 GST" duration-ms="261" status="PASS">
          <params>
            <param index="0">
              <value>
                <![CDATA[[TestResult name=chkSrchByPaymentMode status=SUCCESS method=MngOrdersTestcase.chkSrchByPaymentMode()[pri:0, instance:testCases.MngOrdersTestcase@576d5deb] output={null}]]]>
              </value>
            </param>
          </params>
          <reporter-output>
          </reporter-output>
        </test-method> <!-- aftermethod -->
      </class> <!-- testCases.MngOrdersTestcase -->
      <class name="testCases.PushNotificationTestcase">
        <test-method is-config="true" signature="beforemethod(java.lang.String)[pri:0, instance:testCases.PushNotificationTestcase@2e3967ea]" started-at="2022-11-08T16:12:45 GST" name="beforemethod" finished-at="2022-11-08T16:12:52 GST" duration-ms="6292" status="PASS">
          <params>
            <param index="0">
              <value>
                <![CDATA[chrome]]>
              </value>
            </param>
          </params>
          <reporter-output>
          </reporter-output>
        </test-method> <!-- beforemethod -->
        <test-method signature="chkBgColor()[pri:0, instance:testCases.PushNotificationTestcase@2e3967ea]" started-at="2022-11-08T16:12:52 GST" name="chkBgColor" finished-at="2022-11-08T16:12:54 GST" duration-ms="2115" status="PASS">
          <reporter-output>
          </reporter-output>
        </test-method> <!-- chkBgColor -->
        <test-method is-config="true" signature="aftermethod(org.testng.ITestResult)[pri:0, instance:testCases.PushNotificationTestcase@2e3967ea]" started-at="2022-11-08T16:12:54 GST" name="aftermethod" finished-at="2022-11-08T16:13:10 GST" duration-ms="16186" status="PASS">
          <params>
            <param index="0">
              <value>
                <![CDATA[[TestResult name=chkBgColor status=SUCCESS method=PushNotificationTestcase.chkBgColor()[pri:0, instance:testCases.PushNotificationTestcase@2e3967ea] output={null}]]]>
              </value>
            </param>
          </params>
          <reporter-output>
          </reporter-output>
        </test-method> <!-- aftermethod -->
        <test-method is-config="true" signature="beforemethod(java.lang.String)[pri:0, instance:testCases.PushNotificationTestcase@2e3967ea]" started-at="2022-11-08T16:13:10 GST" name="beforemethod" finished-at="2022-11-08T16:13:16 GST" duration-ms="6315" status="PASS">
          <params>
            <param index="0">
              <value>
                <![CDATA[chrome]]>
              </value>
            </param>
          </params>
          <reporter-output>
          </reporter-output>
        </test-method> <!-- beforemethod -->
        <test-method signature="chkMsg()[pri:0, instance:testCases.PushNotificationTestcase@2e3967ea]" started-at="2022-11-08T16:13:16 GST" name="chkMsg" finished-at="2022-11-08T16:13:20 GST" duration-ms="3670" status="PASS">
          <reporter-output>
          </reporter-output>
        </test-method> <!-- chkMsg -->
        <test-method is-config="true" signature="aftermethod(org.testng.ITestResult)[pri:0, instance:testCases.PushNotificationTestcase@2e3967ea]" started-at="2022-11-08T16:13:20 GST" name="aftermethod" finished-at="2022-11-08T16:13:20 GST" duration-ms="340" status="PASS">
          <params>
            <param index="0">
              <value>
                <![CDATA[[TestResult name=chkMsg status=SUCCESS method=PushNotificationTestcase.chkMsg()[pri:0, instance:testCases.PushNotificationTestcase@2e3967ea] output={null}]]]>
              </value>
            </param>
          </params>
          <reporter-output>
          </reporter-output>
        </test-method> <!-- aftermethod -->
        <test-method is-config="true" signature="beforemethod(java.lang.String)[pri:0, instance:testCases.PushNotificationTestcase@2e3967ea]" started-at="2022-11-08T16:13:20 GST" name="beforemethod" finished-at="2022-11-08T16:13:26 GST" duration-ms="6284" status="PASS">
          <params>
            <param index="0">
              <value>
                <![CDATA[chrome]]>
              </value>
            </param>
          </params>
          <reporter-output>
          </reporter-output>
        </test-method> <!-- beforemethod -->
        <test-method signature="chkText()[pri:0, instance:testCases.PushNotificationTestcase@2e3967ea]" started-at="2022-11-08T16:13:26 GST" name="chkText" finished-at="2022-11-08T16:13:29 GST" duration-ms="2128" status="PASS">
          <reporter-output>
          </reporter-output>
        </test-method> <!-- chkText -->
        <test-method is-config="true" signature="aftermethod(org.testng.ITestResult)[pri:0, instance:testCases.PushNotificationTestcase@2e3967ea]" started-at="2022-11-08T16:13:29 GST" name="aftermethod" finished-at="2022-11-08T16:13:29 GST" duration-ms="250" status="PASS">
          <params>
            <param index="0">
              <value>
                <![CDATA[[TestResult name=chkText status=SUCCESS method=PushNotificationTestcase.chkText()[pri:0, instance:testCases.PushNotificationTestcase@2e3967ea] output={null}]]]>
              </value>
            </param>
          </params>
          <reporter-output>
          </reporter-output>
        </test-method> <!-- aftermethod -->
      </class> <!-- testCases.PushNotificationTestcase -->
      <class name="testCases.AdminUsersTestcase">
        <test-method is-config="true" signature="beforemethod(java.lang.String)[pri:0, instance:testCases.AdminUsersTestcase@70e9c95d]" started-at="2022-11-08T16:13:29 GST" name="beforemethod" finished-at="2022-11-08T16:13:35 GST" duration-ms="6063" status="PASS">
          <params>
            <param index="0">
              <value>
                <![CDATA[chrome]]>
              </value>
            </param>
          </params>
          <reporter-output>
          </reporter-output>
        </test-method> <!-- beforemethod -->
        <test-method signature="compUserTypes()[pri:0, instance:testCases.AdminUsersTestcase@70e9c95d]" started-at="2022-11-08T16:13:35 GST" name="compUserTypes" finished-at="2022-11-08T16:13:37 GST" duration-ms="2311" status="PASS">
          <reporter-output>
          </reporter-output>
        </test-method> <!-- compUserTypes -->
        <test-method is-config="true" signature="aftermethod(org.testng.ITestResult)[pri:0, instance:testCases.AdminUsersTestcase@70e9c95d]" started-at="2022-11-08T16:13:37 GST" name="aftermethod" finished-at="2022-11-08T16:13:53 GST" duration-ms="16192" status="PASS">
          <params>
            <param index="0">
              <value>
                <![CDATA[[TestResult name=compUserTypes status=SUCCESS method=AdminUsersTestcase.compUserTypes()[pri:0, instance:testCases.AdminUsersTestcase@70e9c95d] output={null}]]]>
              </value>
            </param>
          </params>
          <reporter-output>
          </reporter-output>
        </test-method> <!-- aftermethod -->
        <test-method is-config="true" signature="beforemethod(java.lang.String)[pri:0, instance:testCases.AdminUsersTestcase@70e9c95d]" started-at="2022-11-08T16:13:53 GST" name="beforemethod" finished-at="2022-11-08T16:14:00 GST" duration-ms="6353" status="PASS">
          <params>
            <param index="0">
              <value>
                <![CDATA[chrome]]>
              </value>
            </param>
          </params>
          <reporter-output>
          </reporter-output>
        </test-method> <!-- beforemethod -->
        <test-method signature="validateUniqueUserName()[pri:0, instance:testCases.AdminUsersTestcase@70e9c95d]" started-at="2022-11-08T16:14:00 GST" name="validateUniqueUserName" finished-at="2022-11-08T16:14:03 GST" duration-ms="3452" status="PASS">
          <reporter-output>
          </reporter-output>
        </test-method> <!-- validateUniqueUserName -->
        <test-method is-config="true" signature="aftermethod(org.testng.ITestResult)[pri:0, instance:testCases.AdminUsersTestcase@70e9c95d]" started-at="2022-11-08T16:14:03 GST" name="aftermethod" finished-at="2022-11-08T16:14:04 GST" duration-ms="312" status="PASS">
          <params>
            <param index="0">
              <value>
                <![CDATA[[TestResult name=validateUniqueUserName status=SUCCESS method=AdminUsersTestcase.validateUniqueUserName()[pri:0, instance:testCases.AdminUsersTestcase@70e9c95d] output={null}]]]>
              </value>
            </param>
          </params>
          <reporter-output>
          </reporter-output>
        </test-method> <!-- aftermethod -->
      </class> <!-- testCases.AdminUsersTestcase -->
      <class name="testCases.MngOfferCodeTestcase">
        <test-method is-config="true" signature="beforemethod(java.lang.String)[pri:0, instance:testCases.MngOfferCodeTestcase@5e600dd5]" started-at="2022-11-08T16:09:53 GST" name="beforemethod" finished-at="2022-11-08T16:09:59 GST" duration-ms="6264" status="PASS">
          <params>
            <param index="0">
              <value>
                <![CDATA[chrome]]>
              </value>
            </param>
          </params>
          <reporter-output>
          </reporter-output>
        </test-method> <!-- beforemethod -->
        <test-method signature="chkAddOffer()[pri:0, instance:testCases.MngOfferCodeTestcase@5e600dd5]" started-at="2022-11-08T16:09:59 GST" name="chkAddOffer" finished-at="2022-11-08T16:10:18 GST" duration-ms="18889" status="FAIL">
          <exception class="org.openqa.selenium.NoSuchElementException">
            <message>
              <![CDATA[no such element: Unable to locate element: {"method":"xpath","selector":"//div[@class='alert alert-success alert-dismissible']"}
  (Session info: chrome=107.0.5304.88)
For documentation on this error, please visit: https://selenium.dev/exceptions/#no_such_element
Build info: version: '4.4.0', revision: 'e5c75ed026a'
System info: host: 'DESKTOP-0ILCENT', ip: '192.168.100.14', os.name: 'Windows 11', os.arch: 'amd64', os.version: '10.0', java.version: '17.0.3'
Driver info: org.openqa.selenium.chrome.ChromeDriver
Command: [f252278fff837428f1b47aed6e2f610e, findElement {using=xpath, value=//div[@class='alert alert-success alert-dismissible']}]
Capabilities {acceptInsecureCerts: false, browserName: chrome, browserVersion: 107.0.5304.88, chrome: {chromedriverVersion: 107.0.5304.62 (1eec40d3a576..., userDataDir: C:\Users\sanal\AppData\Loca...}, goog:chromeOptions: {debuggerAddress: localhost:52815}, networkConnectionEnabled: false, pageLoadStrategy: normal, platformName: WINDOWS, proxy: Proxy(), se:cdp: ws://localhost:52815/devtoo..., se:cdpVersion: 107.0.5304.88, setWindowRect: true, strictFileInteractability: false, timeouts: {implicit: 0, pageLoad: 300000, script: 30000}, unhandledPromptBehavior: dismiss and notify, webauthn:extension:credBlob: true, webauthn:extension:largeBlob: true, webauthn:virtualAuthenticators: true}
Session ID: f252278fff837428f1b47aed6e2f610e]]>
            </message>
            <full-stacktrace>
              <![CDATA[org.openqa.selenium.NoSuchElementException: no such element: Unable to locate element: {"method":"xpath","selector":"//div[@class='alert alert-success alert-dismissible']"}
  (Session info: chrome=107.0.5304.88)
For documentation on this error, please visit: https://selenium.dev/exceptions/#no_such_element
Build info: version: '4.4.0', revision: 'e5c75ed026a'
System info: host: 'DESKTOP-0ILCENT', ip: '192.168.100.14', os.name: 'Windows 11', os.arch: 'amd64', os.version: '10.0', java.version: '17.0.3'
Driver info: org.openqa.selenium.chrome.ChromeDriver
Command: [f252278fff837428f1b47aed6e2f610e, findElement {using=xpath, value=//div[@class='alert alert-success alert-dismissible']}]
Capabilities {acceptInsecureCerts: false, browserName: chrome, browserVersion: 107.0.5304.88, chrome: {chromedriverVersion: 107.0.5304.62 (1eec40d3a576..., userDataDir: C:\Users\sanal\AppData\Loca...}, goog:chromeOptions: {debuggerAddress: localhost:52815}, networkConnectionEnabled: false, pageLoadStrategy: normal, platformName: WINDOWS, proxy: Proxy(), se:cdp: ws://localhost:52815/devtoo..., se:cdpVersion: 107.0.5304.88, setWindowRect: true, strictFileInteractability: false, timeouts: {implicit: 0, pageLoad: 300000, script: 30000}, unhandledPromptBehavior: dismiss and notify, webauthn:extension:credBlob: true, webauthn:extension:largeBlob: true, webauthn:virtualAuthenticators: true}
Session ID: f252278fff837428f1b47aed6e2f610e
at java.base/jdk.internal.reflect.NativeConstructorAccessorImpl.newInstance0(Native Method)
at java.base/jdk.internal.reflect.NativeConstructorAccessorImpl.newInstance(NativeConstructorAccessorImpl.java:77)
at java.base/jdk.internal.reflect.DelegatingConstructorAccessorImpl.newInstance(DelegatingConstructorAccessorImpl.java:45)
at java.base/java.lang.reflect.Constructor.newInstanceWithCaller(Constructor.java:499)
at java.base/java.lang.reflect.Constructor.newInstance(Constructor.java:480)
at org.openqa.selenium.remote.codec.w3c.W3CHttpResponseCodec.createException(W3CHttpResponseCodec.java:200)
at org.openqa.selenium.remote.codec.w3c.W3CHttpResponseCodec.decode(W3CHttpResponseCodec.java:133)
at org.openqa.selenium.remote.codec.w3c.W3CHttpResponseCodec.decode(W3CHttpResponseCodec.java:53)
at org.openqa.selenium.remote.HttpCommandExecutor.execute(HttpCommandExecutor.java:184)
at org.openqa.selenium.remote.service.DriverCommandExecutor.invokeExecute(DriverCommandExecutor.java:167)
at org.openqa.selenium.remote.service.DriverCommandExecutor.execute(DriverCommandExecutor.java:142)
at org.openqa.selenium.remote.RemoteWebDriver.execute(RemoteWebDriver.java:547)
at org.openqa.selenium.remote.ElementLocation$ElementFinder$2.findElement(ElementLocation.java:162)
at org.openqa.selenium.remote.ElementLocation.findElement(ElementLocation.java:60)
at org.openqa.selenium.remote.RemoteWebDriver.findElement(RemoteWebDriver.java:365)
at org.openqa.selenium.remote.RemoteWebDriver.findElement(RemoteWebDriver.java:357)
at org.openqa.selenium.support.pagefactory.DefaultElementLocator.findElement(DefaultElementLocator.java:70)
at org.openqa.selenium.support.pagefactory.internal.LocatingElementHandler.invoke(LocatingElementHandler.java:39)
at jdk.proxy2/jdk.proxy2.$Proxy18.getText(Unknown Source)
at elementRepository.MngOfferCodeRepo.addOffer(MngOfferCodeRepo.java:101)
at testCases.MngOfferCodeTestcase.chkAddOffer(MngOfferCodeTestcase.java:22)
at java.base/jdk.internal.reflect.NativeMethodAccessorImpl.invoke0(Native Method)
at java.base/jdk.internal.reflect.NativeMethodAccessorImpl.invoke(NativeMethodAccessorImpl.java:77)
at java.base/jdk.internal.reflect.DelegatingMethodAccessorImpl.invoke(DelegatingMethodAccessorImpl.java:43)
at java.base/java.lang.reflect.Method.invoke(Method.java:568)
at org.testng.internal.MethodInvocationHelper.invokeMethod(MethodInvocationHelper.java:133)
at org.testng.internal.TestInvoker.invokeMethod(TestInvoker.java:598)
at org.testng.internal.TestInvoker.invokeTestMethod(TestInvoker.java:173)
at org.testng.internal.MethodRunner.runInSequence(MethodRunner.java:46)
at org.testng.internal.TestInvoker$MethodInvocationAgent.invoke(TestInvoker.java:824)
at org.testng.internal.TestInvoker.invokeTestMethods(TestInvoker.java:146)
at org.testng.internal.TestMethodWorker.invokeTestMethods(TestMethodWorker.java:146)
at org.testng.internal.TestMethodWorker.run(TestMethodWorker.java:128)
at java.base/java.util.ArrayList.forEach(ArrayList.java:1511)
at org.testng.TestRunner.privateRun(TestRunner.java:794)
at org.testng.TestRunner.run(TestRunner.java:596)
at org.testng.SuiteRunner.runTest(SuiteRunner.java:377)
at org.testng.SuiteRunner.runSequentially(SuiteRunner.java:371)
at org.testng.SuiteRunner.privateRun(SuiteRunner.java:332)
at org.testng.SuiteRunner.run(SuiteRunner.java:276)
at org.testng.SuiteRunnerWorker.runSuite(SuiteRunnerWorker.java:53)
at org.testng.SuiteRunnerWorker.run(SuiteRunnerWorker.java:96)
at org.testng.TestNG.runSuitesSequentially(TestNG.java:1212)
at org.testng.TestNG.runSuitesLocally(TestNG.java:1134)
at org.testng.TestNG.runSuites(TestNG.java:1063)
at org.testng.TestNG.run(TestNG.java:1031)
at org.testng.remote.AbstractRemoteTestNG.run(AbstractRemoteTestNG.java:115)
at org.testng.remote.RemoteTestNG.initAndRun(RemoteTestNG.java:251)
at org.testng.remote.RemoteTestNG.main(RemoteTestNG.java:77)
]]>
            </full-stacktrace>
          </exception> <!-- org.openqa.selenium.NoSuchElementException -->
          <reporter-output>
          </reporter-output>
        </test-method> <!-- chkAddOffer -->
        <test-method is-config="true" signature="aftermethod(org.testng.ITestResult)[pri:0, instance:testCases.MngOfferCodeTestcase@5e600dd5]" started-at="2022-11-08T16:10:18 GST" name="aftermethod" finished-at="2022-11-08T16:10:18 GST" duration-ms="519" status="PASS">
          <params>
            <param index="0">
              <value>
                <![CDATA[[TestResult name=chkAddOffer status=FAILURE method=MngOfferCodeTestcase.chkAddOffer()[pri:0, instance:testCases.MngOfferCodeTestcase@5e600dd5] output={null}]]]>
              </value>
            </param>
          </params>
          <reporter-output>
          </reporter-output>
        </test-method> <!-- aftermethod -->
        <test-method is-config="true" signature="beforemethod(java.lang.String)[pri:0, instance:testCases.MngOfferCodeTestcase@5e600dd5]" started-at="2022-11-08T16:10:18 GST" name="beforemethod" finished-at="2022-11-08T16:10:25 GST" duration-ms="6271" status="PASS">
          <params>
            <param index="0">
              <value>
                <![CDATA[chrome]]>
              </value>
            </param>
          </params>
          <reporter-output>
          </reporter-output>
        </test-method> <!-- beforemethod -->
        <test-method signature="chkUrlPage()[pri:0, instance:testCases.MngOfferCodeTestcase@5e600dd5]" started-at="2022-11-08T16:10:25 GST" name="chkUrlPage" finished-at="2022-11-08T16:10:26 GST" duration-ms="1742" status="PASS">
          <reporter-output>
          </reporter-output>
        </test-method> <!-- chkUrlPage -->
        <test-method is-config="true" signature="aftermethod(org.testng.ITestResult)[pri:0, instance:testCases.MngOfferCodeTestcase@5e600dd5]" started-at="2022-11-08T16:10:26 GST" name="aftermethod" finished-at="2022-11-08T16:10:27 GST" duration-ms="289" status="PASS">
          <params>
            <param index="0">
              <value>
                <![CDATA[[TestResult name=chkUrlPage status=SUCCESS method=MngOfferCodeTestcase.chkUrlPage()[pri:0, instance:testCases.MngOfferCodeTestcase@5e600dd5] output={null}]]]>
              </value>
            </param>
          </params>
          <reporter-output>
          </reporter-output>
        </test-method> <!-- aftermethod -->
      </class> <!-- testCases.MngOfferCodeTestcase -->
      <class name="testCases.DashBoardTestCase">
        <test-method is-config="true" signature="beforemethod(java.lang.String)[pri:0, instance:testCases.DashBoardTestCase@3c7f66c4]" started-at="2022-11-08T16:06:36 GST" name="beforemethod" finished-at="2022-11-08T16:06:43 GST" duration-ms="7395" status="PASS">
          <params>
            <param index="0">
              <value>
                <![CDATA[chrome]]>
              </value>
            </param>
          </params>
          <reporter-output>
          </reporter-output>
        </test-method> <!-- beforemethod -->
        <test-method signature="checkColorHomeBtn()[pri:0, instance:testCases.DashBoardTestCase@3c7f66c4]" started-at="2022-11-08T16:06:43 GST" name="checkColorHomeBtn" finished-at="2022-11-08T16:06:45 GST" duration-ms="1818" status="PASS">
          <reporter-output>
          </reporter-output>
        </test-method> <!-- checkColorHomeBtn -->
        <test-method is-config="true" signature="aftermethod(org.testng.ITestResult)[pri:0, instance:testCases.DashBoardTestCase@3c7f66c4]" started-at="2022-11-08T16:06:45 GST" name="aftermethod" finished-at="2022-11-08T16:06:45 GST" duration-ms="250" status="PASS">
          <params>
            <param index="0">
              <value>
                <![CDATA[[TestResult name=checkColorHomeBtn status=SUCCESS method=DashBoardTestCase.checkColorHomeBtn()[pri:0, instance:testCases.DashBoardTestCase@3c7f66c4] output={null}]]]>
              </value>
            </param>
          </params>
          <reporter-output>
          </reporter-output>
        </test-method> <!-- aftermethod -->
        <test-method is-config="true" signature="beforemethod(java.lang.String)[pri:0, instance:testCases.DashBoardTestCase@3c7f66c4]" started-at="2022-11-08T16:06:45 GST" name="beforemethod" finished-at="2022-11-08T16:06:51 GST" duration-ms="6203" status="PASS">
          <params>
            <param index="0">
              <value>
                <![CDATA[chrome]]>
              </value>
            </param>
          </params>
          <reporter-output>
          </reporter-output>
        </test-method> <!-- beforemethod -->
        <test-method signature="checkEnableBar()[pri:0, instance:testCases.DashBoardTestCase@3c7f66c4]" started-at="2022-11-08T16:06:51 GST" name="checkEnableBar" finished-at="2022-11-08T16:06:53 GST" duration-ms="1806" status="PASS">
          <reporter-output>
          </reporter-output>
        </test-method> <!-- checkEnableBar -->
        <test-method is-config="true" signature="aftermethod(org.testng.ITestResult)[pri:0, instance:testCases.DashBoardTestCase@3c7f66c4]" started-at="2022-11-08T16:06:53 GST" name="aftermethod" finished-at="2022-11-08T16:07:10 GST" duration-ms="16261" status="PASS">
          <params>
            <param index="0">
              <value>
                <![CDATA[[TestResult name=checkEnableBar status=SUCCESS method=DashBoardTestCase.checkEnableBar()[pri:0, instance:testCases.DashBoardTestCase@3c7f66c4] output={null}]]]>
              </value>
            </param>
          </params>
          <reporter-output>
          </reporter-output>
        </test-method> <!-- aftermethod -->
        <test-method is-config="true" signature="beforemethod(java.lang.String)[pri:0, instance:testCases.DashBoardTestCase@3c7f66c4]" started-at="2022-11-08T16:07:10 GST" name="beforemethod" finished-at="2022-11-08T16:07:16 GST" duration-ms="6183" status="PASS">
          <params>
            <param index="0">
              <value>
                <![CDATA[chrome]]>
              </value>
            </param>
          </params>
          <reporter-output>
          </reporter-output>
        </test-method> <!-- beforemethod -->
        <test-method signature="checkProfileName()[pri:0, instance:testCases.DashBoardTestCase@3c7f66c4]" started-at="2022-11-08T16:07:16 GST" name="checkProfileName" finished-at="2022-11-08T16:07:18 GST" duration-ms="1877" status="PASS">
          <reporter-output>
          </reporter-output>
        </test-method> <!-- checkProfileName -->
        <test-method is-config="true" signature="aftermethod(org.testng.ITestResult)[pri:0, instance:testCases.DashBoardTestCase@3c7f66c4]" started-at="2022-11-08T16:07:18 GST" name="aftermethod" finished-at="2022-11-08T16:07:18 GST" duration-ms="257" status="PASS">
          <params>
            <param index="0">
              <value>
                <![CDATA[[TestResult name=checkProfileName status=SUCCESS method=DashBoardTestCase.checkProfileName()[pri:0, instance:testCases.DashBoardTestCase@3c7f66c4] output={null}]]]>
              </value>
            </param>
          </params>
          <reporter-output>
          </reporter-output>
        </test-method> <!-- aftermethod -->
      </class> <!-- testCases.DashBoardTestCase -->
      <class name="testCases.MobSliderTestcase">
        <test-method is-config="true" signature="beforemethod(java.lang.String)[pri:0, instance:testCases.MobSliderTestcase@5d534f5d]" started-at="2022-11-08T16:11:22 GST" name="beforemethod" finished-at="2022-11-08T16:11:28 GST" duration-ms="6046" status="PASS">
          <params>
            <param index="0">
              <value>
                <![CDATA[chrome]]>
              </value>
            </param>
          </params>
          <reporter-output>
          </reporter-output>
        </test-method> <!-- beforemethod -->
        <test-method signature="chkImagePresent()[pri:0, instance:testCases.MobSliderTestcase@5d534f5d]" started-at="2022-11-08T16:11:28 GST" name="chkImagePresent" finished-at="2022-11-08T16:11:40 GST" duration-ms="12028" status="PASS">
          <reporter-output>
          </reporter-output>
        </test-method> <!-- chkImagePresent -->
        <test-method is-config="true" signature="aftermethod(org.testng.ITestResult)[pri:0, instance:testCases.MobSliderTestcase@5d534f5d]" started-at="2022-11-08T16:11:40 GST" name="aftermethod" finished-at="2022-11-08T16:11:40 GST" duration-ms="344" status="PASS">
          <params>
            <param index="0">
              <value>
                <![CDATA[[TestResult name=chkImagePresent status=SUCCESS method=MobSliderTestcase.chkImagePresent()[pri:0, instance:testCases.MobSliderTestcase@5d534f5d] output={null}]]]>
              </value>
            </param>
          </params>
          <reporter-output>
          </reporter-output>
        </test-method> <!-- aftermethod -->
        <test-method is-config="true" signature="beforemethod(java.lang.String)[pri:0, instance:testCases.MobSliderTestcase@5d534f5d]" started-at="2022-11-08T16:11:40 GST" name="beforemethod" finished-at="2022-11-08T16:11:46 GST" duration-ms="6367" status="PASS">
          <params>
            <param index="0">
              <value>
                <![CDATA[chrome]]>
              </value>
            </param>
          </params>
          <reporter-output>
          </reporter-output>
        </test-method> <!-- beforemethod -->
        <test-method signature="chkStatus()[pri:0, instance:testCases.MobSliderTestcase@5d534f5d]" started-at="2022-11-08T16:11:46 GST" name="chkStatus" finished-at="2022-11-08T16:11:49 GST" duration-ms="2993" status="PASS">
          <reporter-output>
          </reporter-output>
        </test-method> <!-- chkStatus -->
        <test-method is-config="true" signature="aftermethod(org.testng.ITestResult)[pri:0, instance:testCases.MobSliderTestcase@5d534f5d]" started-at="2022-11-08T16:11:49 GST" name="aftermethod" finished-at="2022-11-08T16:11:50 GST" duration-ms="322" status="PASS">
          <params>
            <param index="0">
              <value>
                <![CDATA[[TestResult name=chkStatus status=SUCCESS method=MobSliderTestcase.chkStatus()[pri:0, instance:testCases.MobSliderTestcase@5d534f5d] output={null}]]]>
              </value>
            </param>
          </params>
          <reporter-output>
          </reporter-output>
        </test-method> <!-- aftermethod -->
        <test-method is-config="true" signature="beforemethod(java.lang.String)[pri:0, instance:testCases.MobSliderTestcase@5d534f5d]" started-at="2022-11-08T16:11:50 GST" name="beforemethod" finished-at="2022-11-08T16:11:56 GST" duration-ms="6181" status="PASS">
          <params>
            <param index="0">
              <value>
                <![CDATA[chrome]]>
              </value>
            </param>
          </params>
          <reporter-output>
          </reporter-output>
        </test-method> <!-- beforemethod -->
        <test-method signature="chkTitle()[pri:0, instance:testCases.MobSliderTestcase@5d534f5d]" started-at="2022-11-08T16:11:56 GST" name="chkTitle" finished-at="2022-11-08T16:11:59 GST" duration-ms="2593" status="PASS">
          <reporter-output>
          </reporter-output>
        </test-method> <!-- chkTitle -->
        <test-method is-config="true" signature="aftermethod(org.testng.ITestResult)[pri:0, instance:testCases.MobSliderTestcase@5d534f5d]" started-at="2022-11-08T16:11:59 GST" name="aftermethod" finished-at="2022-11-08T16:11:59 GST" duration-ms="262" status="PASS">
          <params>
            <param index="0">
              <value>
                <![CDATA[[TestResult name=chkTitle status=SUCCESS method=MobSliderTestcase.chkTitle()[pri:0, instance:testCases.MobSliderTestcase@5d534f5d] output={null}]]]>
              </value>
            </param>
          </params>
          <reporter-output>
          </reporter-output>
        </test-method> <!-- aftermethod -->
        <test-method is-config="true" signature="beforemethod(java.lang.String)[pri:0, instance:testCases.MobSliderTestcase@5d534f5d]" started-at="2022-11-08T16:11:59 GST" name="beforemethod" finished-at="2022-11-08T16:12:05 GST" duration-ms="6290" status="PASS">
          <params>
            <param index="0">
              <value>
                <![CDATA[chrome]]>
              </value>
            </param>
          </params>
          <reporter-output>
          </reporter-output>
        </test-method> <!-- beforemethod -->
        <test-method signature="chkbgcolor()[pri:0, instance:testCases.MobSliderTestcase@5d534f5d]" started-at="2022-11-08T16:12:05 GST" name="chkbgcolor" finished-at="2022-11-08T16:12:11 GST" duration-ms="6131" status="PASS">
          <reporter-output>
          </reporter-output>
        </test-method> <!-- chkbgcolor -->
        <test-method is-config="true" signature="aftermethod(org.testng.ITestResult)[pri:0, instance:testCases.MobSliderTestcase@5d534f5d]" started-at="2022-11-08T16:12:11 GST" name="aftermethod" finished-at="2022-11-08T16:12:12 GST" duration-ms="360" status="PASS">
          <params>
            <param index="0">
              <value>
                <![CDATA[[TestResult name=chkbgcolor status=SUCCESS method=MobSliderTestcase.chkbgcolor()[pri:0, instance:testCases.MobSliderTestcase@5d534f5d] output={null}]]]>
              </value>
            </param>
          </params>
          <reporter-output>
          </reporter-output>
        </test-method> <!-- aftermethod -->
        <test-method is-config="true" signature="beforemethod(java.lang.String)[pri:0, instance:testCases.MobSliderTestcase@5d534f5d]" started-at="2022-11-08T16:12:12 GST" name="beforemethod" finished-at="2022-11-08T16:12:18 GST" duration-ms="6182" status="PASS">
          <params>
            <param index="0">
              <value>
                <![CDATA[chrome]]>
              </value>
            </param>
          </params>
          <reporter-output>
          </reporter-output>
        </test-method> <!-- beforemethod -->
        <test-method signature="uploadBigImage()[pri:0, instance:testCases.MobSliderTestcase@5d534f5d]" started-at="2022-11-08T16:12:18 GST" name="uploadBigImage" finished-at="2022-11-08T16:12:45 GST" duration-ms="27003" status="PASS">
          <reporter-output>
          </reporter-output>
        </test-method> <!-- uploadBigImage -->
        <test-method is-config="true" signature="aftermethod(org.testng.ITestResult)[pri:0, instance:testCases.MobSliderTestcase@5d534f5d]" started-at="2022-11-08T16:12:45 GST" name="aftermethod" finished-at="2022-11-08T16:12:45 GST" duration-ms="462" status="PASS">
          <params>
            <param index="0">
              <value>
                <![CDATA[[TestResult name=uploadBigImage status=SUCCESS method=MobSliderTestcase.uploadBigImage()[pri:0, instance:testCases.MobSliderTestcase@5d534f5d] output={null}]]]>
              </value>
            </param>
          </params>
          <reporter-output>
          </reporter-output>
        </test-method> <!-- aftermethod -->
      </class> <!-- testCases.MobSliderTestcase -->
    </test> <!-- ChromeTest1 -->
  </suite> <!-- My Testsuite2 -->
</testng-results>
