<?xml version="1.0" encoding="UTF-8"?>
<testng-results ignored="0" total="31" passed="31" failed="0" skipped="0">
  <reporter-output>
  </reporter-output>
  <suite started-at="2022-11-10T21:27:36 GST" name="My Test Suite" finished-at="2022-11-10T21:34:38 GST" duration-ms="422161">
    <groups>
      <group name="SmokeTest">
        <method signature="DashBoardTestCase.checkProfileName()[pri:0, instance:testCases.DashBoardTestCase@17497425]" name="checkProfileName" class="testCases.DashBoardTestCase"/>
        <method signature="LoginTestcase.verifyLoggedUsers1()[pri:0, instance:testCases.LoginTestcase@4f80542f]" name="verifyLoggedUsers1" class="testCases.LoginTestcase"/>
      </group> <!-- SmokeTest -->
    </groups>
    <test started-at="2022-11-10T21:27:36 GST" name="My Test" finished-at="2022-11-10T21:34:38 GST" duration-ms="422161">
      <class name="testCases.MngExpenseTestcase">
        <test-method is-config="true" signature="beforemethod(java.lang.String)[pri:0, instance:testCases.MngExpenseTestcase@576d5deb]" started-at="2022-11-10T21:30:19 GST" name="beforemethod" finished-at="2022-11-10T21:30:24 GST" duration-ms="5454" status="PASS">
          <params>
            <param index="0">
              <value>
                <![CDATA[chrome]]>
              </value>
            </param>
          </params>
          <reporter-output>
          </reporter-output>
        </test-method> <!-- beforemethod -->
        <test-method signature="chkCalendar()[pri:0, instance:testCases.MngExpenseTestcase@576d5deb]" started-at="2022-11-10T21:30:24 GST" name="chkCalendar" finished-at="2022-11-10T21:30:24 GST" duration-ms="1" status="PASS">
          <reporter-output>
          </reporter-output>
        </test-method> <!-- chkCalendar -->
        <test-method is-config="true" signature="aftermethod(org.testng.ITestResult)[pri:0, instance:testCases.MngExpenseTestcase@576d5deb]" started-at="2022-11-10T21:30:24 GST" name="aftermethod" finished-at="2022-11-10T21:30:25 GST" duration-ms="312" status="PASS">
          <params>
            <param index="0">
              <value>
                <![CDATA[[TestResult name=chkCalendar status=SUCCESS method=MngExpenseTestcase.chkCalendar()[pri:0, instance:testCases.MngExpenseTestcase@576d5deb] output={null}]]]>
              </value>
            </param>
          </params>
          <reporter-output>
          </reporter-output>
        </test-method> <!-- aftermethod -->
        <test-method is-config="true" signature="beforemethod(java.lang.String)[pri:0, instance:testCases.MngExpenseTestcase@576d5deb]" started-at="2022-11-10T21:30:25 GST" name="beforemethod" finished-at="2022-11-10T21:30:30 GST" duration-ms="5523" status="PASS">
          <params>
            <param index="0">
              <value>
                <![CDATA[chrome]]>
              </value>
            </param>
          </params>
          <reporter-output>
          </reporter-output>
        </test-method> <!-- beforemethod -->
        <test-method signature="chkFileUpload()[pri:0, instance:testCases.MngExpenseTestcase@576d5deb]" started-at="2022-11-10T21:30:30 GST" name="chkFileUpload" finished-at="2022-11-10T21:30:48 GST" duration-ms="17400" status="PASS">
          <reporter-output>
          </reporter-output>
        </test-method> <!-- chkFileUpload -->
        <test-method is-config="true" signature="aftermethod(org.testng.ITestResult)[pri:0, instance:testCases.MngExpenseTestcase@576d5deb]" started-at="2022-11-10T21:30:48 GST" name="aftermethod" finished-at="2022-11-10T21:30:48 GST" duration-ms="341" status="PASS">
          <params>
            <param index="0">
              <value>
                <![CDATA[[TestResult name=chkFileUpload status=SUCCESS method=MngExpenseTestcase.chkFileUpload()[pri:0, instance:testCases.MngExpenseTestcase@576d5deb] output={null}]]]>
              </value>
            </param>
          </params>
          <reporter-output>
          </reporter-output>
        </test-method> <!-- aftermethod -->
      </class> <!-- testCases.MngExpenseTestcase -->
      <class name="testCases.MngDelvryBoyTestcase">
        <test-method is-config="true" signature="beforemethod(java.lang.String)[pri:0, instance:testCases.MngDelvryBoyTestcase@5e600dd5]" started-at="2022-11-10T21:29:52 GST" name="beforemethod" finished-at="2022-11-10T21:29:58 GST" duration-ms="6027" status="PASS">
          <params>
            <param index="0">
              <value>
                <![CDATA[chrome]]>
              </value>
            </param>
          </params>
          <reporter-output>
          </reporter-output>
        </test-method> <!-- beforemethod -->
        <test-method signature="chkBgColor()[pri:0, instance:testCases.MngDelvryBoyTestcase@5e600dd5]" started-at="2022-11-10T21:29:58 GST" name="chkBgColor" finished-at="2022-11-10T21:30:02 GST" duration-ms="4806" status="PASS">
          <reporter-output>
          </reporter-output>
        </test-method> <!-- chkBgColor -->
        <test-method is-config="true" signature="aftermethod(org.testng.ITestResult)[pri:0, instance:testCases.MngDelvryBoyTestcase@5e600dd5]" started-at="2022-11-10T21:30:02 GST" name="aftermethod" finished-at="2022-11-10T21:30:03 GST" duration-ms="323" status="PASS">
          <params>
            <param index="0">
              <value>
                <![CDATA[[TestResult name=chkBgColor status=SUCCESS method=MngDelvryBoyTestcase.chkBgColor()[pri:0, instance:testCases.MngDelvryBoyTestcase@5e600dd5] output={null}]]]>
              </value>
            </param>
          </params>
          <reporter-output>
          </reporter-output>
        </test-method> <!-- aftermethod -->
        <test-method is-config="true" signature="beforemethod(java.lang.String)[pri:0, instance:testCases.MngDelvryBoyTestcase@5e600dd5]" started-at="2022-11-10T21:30:03 GST" name="beforemethod" finished-at="2022-11-10T21:30:09 GST" duration-ms="5778" status="PASS">
          <params>
            <param index="0">
              <value>
                <![CDATA[chrome]]>
              </value>
            </param>
          </params>
          <reporter-output>
          </reporter-output>
        </test-method> <!-- beforemethod -->
        <test-method signature="chkName()[pri:0, instance:testCases.MngDelvryBoyTestcase@5e600dd5]" started-at="2022-11-10T21:30:09 GST" name="chkName" finished-at="2022-11-10T21:30:11 GST" duration-ms="2381" status="PASS">
          <reporter-output>
          </reporter-output>
        </test-method> <!-- chkName -->
        <test-method is-config="true" signature="aftermethod(org.testng.ITestResult)[pri:0, instance:testCases.MngDelvryBoyTestcase@5e600dd5]" started-at="2022-11-10T21:30:11 GST" name="aftermethod" finished-at="2022-11-10T21:30:11 GST" duration-ms="321" status="PASS">
          <params>
            <param index="0">
              <value>
                <![CDATA[[TestResult name=chkName status=SUCCESS method=MngDelvryBoyTestcase.chkName()[pri:0, instance:testCases.MngDelvryBoyTestcase@5e600dd5] output={null}]]]>
              </value>
            </param>
          </params>
          <reporter-output>
          </reporter-output>
        </test-method> <!-- aftermethod -->
        <test-method is-config="true" signature="beforemethod(java.lang.String)[pri:0, instance:testCases.MngDelvryBoyTestcase@5e600dd5]" started-at="2022-11-10T21:30:11 GST" name="beforemethod" finished-at="2022-11-10T21:30:17 GST" duration-ms="5560" status="PASS">
          <params>
            <param index="0">
              <value>
                <![CDATA[chrome]]>
              </value>
            </param>
          </params>
          <reporter-output>
          </reporter-output>
        </test-method> <!-- beforemethod -->
        <test-method signature="chkToolTip()[pri:0, instance:testCases.MngDelvryBoyTestcase@5e600dd5]" started-at="2022-11-10T21:30:17 GST" name="chkToolTip" finished-at="2022-11-10T21:30:19 GST" duration-ms="1891" status="PASS">
          <reporter-output>
          </reporter-output>
        </test-method> <!-- chkToolTip -->
        <test-method is-config="true" signature="aftermethod(org.testng.ITestResult)[pri:0, instance:testCases.MngDelvryBoyTestcase@5e600dd5]" started-at="2022-11-10T21:30:19 GST" name="aftermethod" finished-at="2022-11-10T21:30:19 GST" duration-ms="245" status="PASS">
          <params>
            <param index="0">
              <value>
                <![CDATA[[TestResult name=chkToolTip status=SUCCESS method=MngDelvryBoyTestcase.chkToolTip()[pri:0, instance:testCases.MngDelvryBoyTestcase@5e600dd5] output={null}]]]>
              </value>
            </param>
          </params>
          <reporter-output>
          </reporter-output>
        </test-method> <!-- aftermethod -->
      </class> <!-- testCases.MngDelvryBoyTestcase -->
      <class name="testCases.LoginTestcase">
        <test-method is-config="true" signature="beforemethod(java.lang.String)[pri:0, instance:testCases.LoginTestcase@4f80542f]" started-at="2022-11-10T21:28:40 GST" name="beforemethod" finished-at="2022-11-10T21:28:46 GST" duration-ms="5694" status="PASS">
          <params>
            <param index="0">
              <value>
                <![CDATA[chrome]]>
              </value>
            </param>
          </params>
          <reporter-output>
          </reporter-output>
        </test-method> <!-- beforemethod -->
        <test-method signature="verifyCheckBox()[pri:0, instance:testCases.LoginTestcase@4f80542f]" started-at="2022-11-10T21:28:46 GST" name="verifyCheckBox" finished-at="2022-11-10T21:28:46 GST" duration-ms="32" status="PASS">
          <reporter-output>
          </reporter-output>
        </test-method> <!-- verifyCheckBox -->
        <test-method is-config="true" signature="aftermethod(org.testng.ITestResult)[pri:0, instance:testCases.LoginTestcase@4f80542f]" started-at="2022-11-10T21:28:46 GST" name="aftermethod" finished-at="2022-11-10T21:28:46 GST" duration-ms="297" status="PASS">
          <params>
            <param index="0">
              <value>
                <![CDATA[[TestResult name=verifyCheckBox status=SUCCESS method=LoginTestcase.verifyCheckBox()[pri:0, instance:testCases.LoginTestcase@4f80542f] output={null}]]]>
              </value>
            </param>
          </params>
          <reporter-output>
          </reporter-output>
        </test-method> <!-- aftermethod -->
        <test-method is-config="true" signature="beforemethod(java.lang.String)[pri:0, instance:testCases.LoginTestcase@4f80542f]" started-at="2022-11-10T21:28:46 GST" name="beforemethod" finished-at="2022-11-10T21:28:52 GST" duration-ms="5782" status="PASS">
          <params>
            <param index="0">
              <value>
                <![CDATA[chrome]]>
              </value>
            </param>
          </params>
          <reporter-output>
          </reporter-output>
        </test-method> <!-- beforemethod -->
        <test-method signature="verifyLoggedUsers()[pri:0, instance:testCases.LoginTestcase@4f80542f]" started-at="2022-11-10T21:28:52 GST" name="verifyLoggedUsers" finished-at="2022-11-10T21:28:54 GST" duration-ms="1931" status="PASS">
          <reporter-output>
          </reporter-output>
        </test-method> <!-- verifyLoggedUsers -->
        <test-method is-config="true" signature="aftermethod(org.testng.ITestResult)[pri:0, instance:testCases.LoginTestcase@4f80542f]" started-at="2022-11-10T21:28:54 GST" name="aftermethod" finished-at="2022-11-10T21:28:54 GST" duration-ms="199" status="PASS">
          <params>
            <param index="0">
              <value>
                <![CDATA[[TestResult name=verifyLoggedUsers status=SUCCESS method=LoginTestcase.verifyLoggedUsers()[pri:0, instance:testCases.LoginTestcase@4f80542f] output={null}]]]>
              </value>
            </param>
          </params>
          <reporter-output>
          </reporter-output>
        </test-method> <!-- aftermethod -->
        <test-method is-config="true" signature="beforemethod(java.lang.String)[pri:0, instance:testCases.LoginTestcase@4f80542f]" started-at="2022-11-10T21:28:54 GST" name="beforemethod" finished-at="2022-11-10T21:29:00 GST" duration-ms="5699" status="PASS">
          <params>
            <param index="0">
              <value>
                <![CDATA[chrome]]>
              </value>
            </param>
          </params>
          <reporter-output>
          </reporter-output>
        </test-method> <!-- beforemethod -->
        <test-method signature="verifyLoggedUsers1()[pri:0, instance:testCases.LoginTestcase@4f80542f]" started-at="2022-11-10T21:29:00 GST" name="verifyLoggedUsers1" finished-at="2022-11-10T21:29:00 GST" duration-ms="29" status="PASS">
          <reporter-output>
          </reporter-output>
        </test-method> <!-- verifyLoggedUsers1 -->
        <test-method is-config="true" signature="aftermethod(org.testng.ITestResult)[pri:0, instance:testCases.LoginTestcase@4f80542f]" started-at="2022-11-10T21:29:00 GST" name="aftermethod" finished-at="2022-11-10T21:29:00 GST" duration-ms="260" status="PASS">
          <params>
            <param index="0">
              <value>
                <![CDATA[[TestResult name=verifyLoggedUsers1 status=SUCCESS method=LoginTestcase.verifyLoggedUsers1()[pri:0, instance:testCases.LoginTestcase@4f80542f] output={null}]]]>
              </value>
            </param>
          </params>
          <reporter-output>
          </reporter-output>
        </test-method> <!-- aftermethod -->
      </class> <!-- testCases.LoginTestcase -->
      <class name="testCases.MngLocationTestcase">
        <test-method is-config="true" signature="beforemethod(java.lang.String)[pri:0, instance:testCases.MngLocationTestcase@130c12b7]" started-at="2022-11-10T21:29:00 GST" name="beforemethod" finished-at="2022-11-10T21:29:06 GST" duration-ms="5730" status="PASS">
          <params>
            <param index="0">
              <value>
                <![CDATA[chrome]]>
              </value>
            </param>
          </params>
          <reporter-output>
          </reporter-output>
        </test-method> <!-- beforemethod -->
        <test-method signature="chkStateselected()[pri:0, instance:testCases.MngLocationTestcase@130c12b7]" started-at="2022-11-10T21:29:06 GST" name="chkStateselected" finished-at="2022-11-10T21:29:12 GST" duration-ms="6629" status="PASS">
          <reporter-output>
          </reporter-output>
        </test-method> <!-- chkStateselected -->
        <test-method is-config="true" signature="aftermethod(org.testng.ITestResult)[pri:0, instance:testCases.MngLocationTestcase@130c12b7]" started-at="2022-11-10T21:29:12 GST" name="aftermethod" finished-at="2022-11-10T21:29:13 GST" duration-ms="357" status="PASS">
          <params>
            <param index="0">
              <value>
                <![CDATA[[TestResult name=chkStateselected status=SUCCESS method=MngLocationTestcase.chkStateselected()[pri:0, instance:testCases.MngLocationTestcase@130c12b7] output={null}]]]>
              </value>
            </param>
          </params>
          <reporter-output>
          </reporter-output>
        </test-method> <!-- aftermethod -->
        <test-method is-config="true" signature="beforemethod(java.lang.String)[pri:0, instance:testCases.MngLocationTestcase@130c12b7]" started-at="2022-11-10T21:29:13 GST" name="beforemethod" finished-at="2022-11-10T21:29:18 GST" duration-ms="5584" status="PASS">
          <params>
            <param index="0">
              <value>
                <![CDATA[chrome]]>
              </value>
            </param>
          </params>
          <reporter-output>
          </reporter-output>
        </test-method> <!-- beforemethod -->
        <test-method signature="chkStatus()[pri:0, instance:testCases.MngLocationTestcase@130c12b7]" started-at="2022-11-10T21:29:18 GST" name="chkStatus" finished-at="2022-11-10T21:29:20 GST" duration-ms="1722" status="PASS">
          <reporter-output>
          </reporter-output>
        </test-method> <!-- chkStatus -->
        <test-method is-config="true" signature="aftermethod(org.testng.ITestResult)[pri:0, instance:testCases.MngLocationTestcase@130c12b7]" started-at="2022-11-10T21:29:20 GST" name="aftermethod" finished-at="2022-11-10T21:29:20 GST" duration-ms="225" status="PASS">
          <params>
            <param index="0">
              <value>
                <![CDATA[[TestResult name=chkStatus status=SUCCESS method=MngLocationTestcase.chkStatus()[pri:0, instance:testCases.MngLocationTestcase@130c12b7] output={null}]]]>
              </value>
            </param>
          </params>
          <reporter-output>
          </reporter-output>
        </test-method> <!-- aftermethod -->
        <test-method is-config="true" signature="beforemethod(java.lang.String)[pri:0, instance:testCases.MngLocationTestcase@130c12b7]" started-at="2022-11-10T21:29:20 GST" name="beforemethod" finished-at="2022-11-10T21:29:26 GST" duration-ms="5516" status="PASS">
          <params>
            <param index="0">
              <value>
                <![CDATA[chrome]]>
              </value>
            </param>
          </params>
          <reporter-output>
          </reporter-output>
        </test-method> <!-- beforemethod -->
        <test-method signature="getBgColor()[pri:0, instance:testCases.MngLocationTestcase@130c12b7]" started-at="2022-11-10T21:29:26 GST" name="getBgColor" finished-at="2022-11-10T21:29:28 GST" duration-ms="1773" status="PASS">
          <reporter-output>
          </reporter-output>
        </test-method> <!-- getBgColor -->
        <test-method is-config="true" signature="aftermethod(org.testng.ITestResult)[pri:0, instance:testCases.MngLocationTestcase@130c12b7]" started-at="2022-11-10T21:29:28 GST" name="aftermethod" finished-at="2022-11-10T21:29:44 GST" duration-ms="16189" status="PASS">
          <params>
            <param index="0">
              <value>
                <![CDATA[[TestResult name=getBgColor status=SUCCESS method=MngLocationTestcase.getBgColor()[pri:0, instance:testCases.MngLocationTestcase@130c12b7] output={null}]]]>
              </value>
            </param>
          </params>
          <reporter-output>
          </reporter-output>
        </test-method> <!-- aftermethod -->
        <test-method is-config="true" signature="beforemethod(java.lang.String)[pri:0, instance:testCases.MngLocationTestcase@130c12b7]" started-at="2022-11-10T21:29:44 GST" name="beforemethod" finished-at="2022-11-10T21:29:49 GST" duration-ms="5650" status="PASS">
          <params>
            <param index="0">
              <value>
                <![CDATA[chrome]]>
              </value>
            </param>
          </params>
          <reporter-output>
          </reporter-output>
        </test-method> <!-- beforemethod -->
        <test-method signature="getDelCharge()[pri:0, instance:testCases.MngLocationTestcase@130c12b7]" started-at="2022-11-10T21:29:49 GST" name="getDelCharge" finished-at="2022-11-10T21:29:51 GST" duration-ms="1880" status="PASS">
          <reporter-output>
          </reporter-output>
        </test-method> <!-- getDelCharge -->
        <test-method is-config="true" signature="aftermethod(org.testng.ITestResult)[pri:0, instance:testCases.MngLocationTestcase@130c12b7]" started-at="2022-11-10T21:29:51 GST" name="aftermethod" finished-at="2022-11-10T21:29:52 GST" duration-ms="248" status="PASS">
          <params>
            <param index="0">
              <value>
                <![CDATA[[TestResult name=getDelCharge status=SUCCESS method=MngLocationTestcase.getDelCharge()[pri:0, instance:testCases.MngLocationTestcase@130c12b7] output={null}]]]>
              </value>
            </param>
          </params>
          <reporter-output>
          </reporter-output>
        </test-method> <!-- aftermethod -->
      </class> <!-- testCases.MngLocationTestcase -->
      <class name="testCases.MngOrdersTestcase">
        <test-method is-config="true" signature="beforemethod(java.lang.String)[pri:0, instance:testCases.MngOrdersTestcase@2e3967ea]" started-at="2022-11-10T21:31:09 GST" name="beforemethod" finished-at="2022-11-10T21:31:15 GST" duration-ms="5439" status="PASS">
          <params>
            <param index="0">
              <value>
                <![CDATA[chrome]]>
              </value>
            </param>
          </params>
          <reporter-output>
          </reporter-output>
        </test-method> <!-- beforemethod -->
        <test-method signature="chkElementsStatus(java.lang.String)[pri:0, instance:testCases.MngOrdersTestcase@2e3967ea]" started-at="2022-11-10T21:31:15 GST" name="chkElementsStatus" data-provider="data-provider" finished-at="2022-11-10T21:31:17 GST" duration-ms="2225" status="PASS">
          <params>
            <param index="0">
              <value>
                <![CDATA[Select]]>
              </value>
            </param>
          </params>
          <reporter-output>
          </reporter-output>
        </test-method> <!-- chkElementsStatus -->
        <test-method is-config="true" signature="aftermethod(org.testng.ITestResult)[pri:0, instance:testCases.MngOrdersTestcase@2e3967ea]" started-at="2022-11-10T21:31:17 GST" name="aftermethod" finished-at="2022-11-10T21:31:33 GST" duration-ms="16226" status="PASS">
          <params>
            <param index="0">
              <value>
                <![CDATA[[TestResult name=chkElementsStatus status=SUCCESS method=MngOrdersTestcase.chkElementsStatus(java.lang.String)[pri:0, instance:testCases.MngOrdersTestcase@2e3967ea] output={null}]]]>
              </value>
            </param>
          </params>
          <reporter-output>
          </reporter-output>
        </test-method> <!-- aftermethod -->
        <test-method is-config="true" signature="beforemethod(java.lang.String)[pri:0, instance:testCases.MngOrdersTestcase@2e3967ea]" started-at="2022-11-10T21:31:33 GST" name="beforemethod" finished-at="2022-11-10T21:31:39 GST" duration-ms="5704" status="PASS">
          <params>
            <param index="0">
              <value>
                <![CDATA[chrome]]>
              </value>
            </param>
          </params>
          <reporter-output>
          </reporter-output>
        </test-method> <!-- beforemethod -->
        <test-method signature="chkElementsStatus(java.lang.String)[pri:0, instance:testCases.MngOrdersTestcase@2e3967ea]" started-at="2022-11-10T21:31:39 GST" name="chkElementsStatus" data-provider="data-provider" finished-at="2022-11-10T21:31:41 GST" duration-ms="2285" status="PASS">
          <params>
            <param index="0">
              <value>
                <![CDATA[Out For Delivery]]>
              </value>
            </param>
          </params>
          <reporter-output>
          </reporter-output>
        </test-method> <!-- chkElementsStatus -->
        <test-method is-config="true" signature="aftermethod(org.testng.ITestResult)[pri:0, instance:testCases.MngOrdersTestcase@2e3967ea]" started-at="2022-11-10T21:31:41 GST" name="aftermethod" finished-at="2022-11-10T21:31:41 GST" duration-ms="315" status="PASS">
          <params>
            <param index="0">
              <value>
                <![CDATA[[TestResult name=chkElementsStatus status=SUCCESS method=MngOrdersTestcase.chkElementsStatus(java.lang.String)[pri:0, instance:testCases.MngOrdersTestcase@2e3967ea] output={null}]]]>
              </value>
            </param>
          </params>
          <reporter-output>
          </reporter-output>
        </test-method> <!-- aftermethod -->
        <test-method is-config="true" signature="beforemethod(java.lang.String)[pri:0, instance:testCases.MngOrdersTestcase@2e3967ea]" started-at="2022-11-10T21:31:41 GST" name="beforemethod" finished-at="2022-11-10T21:31:47 GST" duration-ms="5500" status="PASS">
          <params>
            <param index="0">
              <value>
                <![CDATA[chrome]]>
              </value>
            </param>
          </params>
          <reporter-output>
          </reporter-output>
        </test-method> <!-- beforemethod -->
        <test-method signature="chkElementsStatus(java.lang.String)[pri:0, instance:testCases.MngOrdersTestcase@2e3967ea]" started-at="2022-11-10T21:31:47 GST" name="chkElementsStatus" data-provider="data-provider" finished-at="2022-11-10T21:31:49 GST" duration-ms="2235" status="PASS">
          <params>
            <param index="0">
              <value>
                <![CDATA[Delivered]]>
              </value>
            </param>
          </params>
          <reporter-output>
          </reporter-output>
        </test-method> <!-- chkElementsStatus -->
        <test-method is-config="true" signature="aftermethod(org.testng.ITestResult)[pri:0, instance:testCases.MngOrdersTestcase@2e3967ea]" started-at="2022-11-10T21:31:49 GST" name="aftermethod" finished-at="2022-11-10T21:32:05 GST" duration-ms="16240" status="PASS">
          <params>
            <param index="0">
              <value>
                <![CDATA[[TestResult name=chkElementsStatus status=SUCCESS method=MngOrdersTestcase.chkElementsStatus(java.lang.String)[pri:0, instance:testCases.MngOrdersTestcase@2e3967ea] output={null}]]]>
              </value>
            </param>
          </params>
          <reporter-output>
          </reporter-output>
        </test-method> <!-- aftermethod -->
        <test-method is-config="true" signature="beforemethod(java.lang.String)[pri:0, instance:testCases.MngOrdersTestcase@2e3967ea]" started-at="2022-11-10T21:32:05 GST" name="beforemethod" finished-at="2022-11-10T21:32:11 GST" duration-ms="5668" status="PASS">
          <params>
            <param index="0">
              <value>
                <![CDATA[chrome]]>
              </value>
            </param>
          </params>
          <reporter-output>
          </reporter-output>
        </test-method> <!-- beforemethod -->
        <test-method signature="chkSrchByPaymentMode()[pri:0, instance:testCases.MngOrdersTestcase@2e3967ea]" started-at="2022-11-10T21:32:11 GST" name="chkSrchByPaymentMode" finished-at="2022-11-10T21:32:15 GST" duration-ms="3830" status="PASS">
          <reporter-output>
          </reporter-output>
        </test-method> <!-- chkSrchByPaymentMode -->
        <test-method is-config="true" signature="aftermethod(org.testng.ITestResult)[pri:0, instance:testCases.MngOrdersTestcase@2e3967ea]" started-at="2022-11-10T21:32:15 GST" name="aftermethod" finished-at="2022-11-10T21:32:15 GST" duration-ms="259" status="PASS">
          <params>
            <param index="0">
              <value>
                <![CDATA[[TestResult name=chkSrchByPaymentMode status=SUCCESS method=MngOrdersTestcase.chkSrchByPaymentMode()[pri:0, instance:testCases.MngOrdersTestcase@2e3967ea] output={null}]]]>
              </value>
            </param>
          </params>
          <reporter-output>
          </reporter-output>
        </test-method> <!-- aftermethod -->
      </class> <!-- testCases.MngOrdersTestcase -->
      <class name="testCases.PushNotificationTestcase">
        <test-method is-config="true" signature="beforemethod(java.lang.String)[pri:0, instance:testCases.PushNotificationTestcase@4d5650ae]" started-at="2022-11-10T21:33:26 GST" name="beforemethod" finished-at="2022-11-10T21:33:32 GST" duration-ms="6247" status="PASS">
          <params>
            <param index="0">
              <value>
                <![CDATA[chrome]]>
              </value>
            </param>
          </params>
          <reporter-output>
          </reporter-output>
        </test-method> <!-- beforemethod -->
        <test-method signature="chkBgColor()[pri:0, instance:testCases.PushNotificationTestcase@4d5650ae]" started-at="2022-11-10T21:33:32 GST" name="chkBgColor" finished-at="2022-11-10T21:33:34 GST" duration-ms="1759" status="PASS">
          <reporter-output>
          </reporter-output>
        </test-method> <!-- chkBgColor -->
        <test-method is-config="true" signature="aftermethod(org.testng.ITestResult)[pri:0, instance:testCases.PushNotificationTestcase@4d5650ae]" started-at="2022-11-10T21:33:34 GST" name="aftermethod" finished-at="2022-11-10T21:33:50 GST" duration-ms="16159" status="PASS">
          <params>
            <param index="0">
              <value>
                <![CDATA[[TestResult name=chkBgColor status=SUCCESS method=PushNotificationTestcase.chkBgColor()[pri:0, instance:testCases.PushNotificationTestcase@4d5650ae] output={null}]]]>
              </value>
            </param>
          </params>
          <reporter-output>
          </reporter-output>
        </test-method> <!-- aftermethod -->
        <test-method is-config="true" signature="beforemethod(java.lang.String)[pri:0, instance:testCases.PushNotificationTestcase@4d5650ae]" started-at="2022-11-10T21:33:50 GST" name="beforemethod" finished-at="2022-11-10T21:33:56 GST" duration-ms="5674" status="PASS">
          <params>
            <param index="0">
              <value>
                <![CDATA[chrome]]>
              </value>
            </param>
          </params>
          <reporter-output>
          </reporter-output>
        </test-method> <!-- beforemethod -->
        <test-method signature="chkMsg()[pri:0, instance:testCases.PushNotificationTestcase@4d5650ae]" started-at="2022-11-10T21:33:56 GST" name="chkMsg" finished-at="2022-11-10T21:33:58 GST" duration-ms="2689" status="PASS">
          <reporter-output>
          </reporter-output>
        </test-method> <!-- chkMsg -->
        <test-method is-config="true" signature="aftermethod(org.testng.ITestResult)[pri:0, instance:testCases.PushNotificationTestcase@4d5650ae]" started-at="2022-11-10T21:33:58 GST" name="aftermethod" finished-at="2022-11-10T21:34:15 GST" duration-ms="16262" status="PASS">
          <params>
            <param index="0">
              <value>
                <![CDATA[[TestResult name=chkMsg status=SUCCESS method=PushNotificationTestcase.chkMsg()[pri:0, instance:testCases.PushNotificationTestcase@4d5650ae] output={null}]]]>
              </value>
            </param>
          </params>
          <reporter-output>
          </reporter-output>
        </test-method> <!-- aftermethod -->
        <test-method is-config="true" signature="beforemethod(java.lang.String)[pri:0, instance:testCases.PushNotificationTestcase@4d5650ae]" started-at="2022-11-10T21:34:15 GST" name="beforemethod" finished-at="2022-11-10T21:34:20 GST" duration-ms="5572" status="PASS">
          <params>
            <param index="0">
              <value>
                <![CDATA[chrome]]>
              </value>
            </param>
          </params>
          <reporter-output>
          </reporter-output>
        </test-method> <!-- beforemethod -->
        <test-method signature="chkText()[pri:0, instance:testCases.PushNotificationTestcase@4d5650ae]" started-at="2022-11-10T21:34:20 GST" name="chkText" finished-at="2022-11-10T21:34:22 GST" duration-ms="1759" status="PASS">
          <reporter-output>
          </reporter-output>
        </test-method> <!-- chkText -->
        <test-method is-config="true" signature="aftermethod(org.testng.ITestResult)[pri:0, instance:testCases.PushNotificationTestcase@4d5650ae]" started-at="2022-11-10T21:34:22 GST" name="aftermethod" finished-at="2022-11-10T21:34:22 GST" duration-ms="254" status="PASS">
          <params>
            <param index="0">
              <value>
                <![CDATA[[TestResult name=chkText status=SUCCESS method=PushNotificationTestcase.chkText()[pri:0, instance:testCases.PushNotificationTestcase@4d5650ae] output={null}]]]>
              </value>
            </param>
          </params>
          <reporter-output>
          </reporter-output>
        </test-method> <!-- aftermethod -->
      </class> <!-- testCases.PushNotificationTestcase -->
      <class name="testCases.MngOfferCodeTestcase">
        <test-method is-config="true" signature="beforemethod(java.lang.String)[pri:0, instance:testCases.MngOfferCodeTestcase@5d534f5d]" started-at="2022-11-10T21:30:48 GST" name="beforemethod" finished-at="2022-11-10T21:30:54 GST" duration-ms="5823" status="PASS">
          <params>
            <param index="0">
              <value>
                <![CDATA[chrome]]>
              </value>
            </param>
          </params>
          <reporter-output>
          </reporter-output>
        </test-method> <!-- beforemethod -->
        <test-method signature="chkAddOffer()[pri:0, instance:testCases.MngOfferCodeTestcase@5d534f5d]" started-at="2022-11-10T21:30:54 GST" name="chkAddOffer" finished-at="2022-11-10T21:31:02 GST" duration-ms="7819" status="PASS">
          <reporter-output>
          </reporter-output>
        </test-method> <!-- chkAddOffer -->
        <test-method is-config="true" signature="aftermethod(org.testng.ITestResult)[pri:0, instance:testCases.MngOfferCodeTestcase@5d534f5d]" started-at="2022-11-10T21:31:02 GST" name="aftermethod" finished-at="2022-11-10T21:31:02 GST" duration-ms="330" status="PASS">
          <params>
            <param index="0">
              <value>
                <![CDATA[[TestResult name=chkAddOffer status=SUCCESS method=MngOfferCodeTestcase.chkAddOffer()[pri:0, instance:testCases.MngOfferCodeTestcase@5d534f5d] output={null}]]]>
              </value>
            </param>
          </params>
          <reporter-output>
          </reporter-output>
        </test-method> <!-- aftermethod -->
        <test-method is-config="true" signature="beforemethod(java.lang.String)[pri:0, instance:testCases.MngOfferCodeTestcase@5d534f5d]" started-at="2022-11-10T21:31:02 GST" name="beforemethod" finished-at="2022-11-10T21:31:07 GST" duration-ms="5566" status="PASS">
          <params>
            <param index="0">
              <value>
                <![CDATA[chrome]]>
              </value>
            </param>
          </params>
          <reporter-output>
          </reporter-output>
        </test-method> <!-- beforemethod -->
        <test-method signature="chkUrlPage()[pri:0, instance:testCases.MngOfferCodeTestcase@5d534f5d]" started-at="2022-11-10T21:31:07 GST" name="chkUrlPage" finished-at="2022-11-10T21:31:09 GST" duration-ms="1400" status="PASS">
          <reporter-output>
          </reporter-output>
        </test-method> <!-- chkUrlPage -->
        <test-method is-config="true" signature="aftermethod(org.testng.ITestResult)[pri:0, instance:testCases.MngOfferCodeTestcase@5d534f5d]" started-at="2022-11-10T21:31:09 GST" name="aftermethod" finished-at="2022-11-10T21:31:09 GST" duration-ms="210" status="PASS">
          <params>
            <param index="0">
              <value>
                <![CDATA[[TestResult name=chkUrlPage status=SUCCESS method=MngOfferCodeTestcase.chkUrlPage()[pri:0, instance:testCases.MngOfferCodeTestcase@5d534f5d] output={null}]]]>
              </value>
            </param>
          </params>
          <reporter-output>
          </reporter-output>
        </test-method> <!-- aftermethod -->
      </class> <!-- testCases.MngOfferCodeTestcase -->
      <class name="testCases.AdminUsersTestcase">
        <test-method is-config="true" signature="beforemethod(java.lang.String)[pri:0, instance:testCases.AdminUsersTestcase@a38c7fe]" started-at="2022-11-10T21:34:22 GST" name="beforemethod" finished-at="2022-11-10T21:34:28 GST" duration-ms="5389" status="PASS">
          <params>
            <param index="0">
              <value>
                <![CDATA[chrome]]>
              </value>
            </param>
          </params>
          <reporter-output>
          </reporter-output>
        </test-method> <!-- beforemethod -->
        <test-method signature="compUserTypes()[pri:0, instance:testCases.AdminUsersTestcase@a38c7fe]" started-at="2022-11-10T21:34:28 GST" name="compUserTypes" finished-at="2022-11-10T21:34:30 GST" duration-ms="1912" status="PASS">
          <reporter-output>
          </reporter-output>
        </test-method> <!-- compUserTypes -->
        <test-method is-config="true" signature="aftermethod(org.testng.ITestResult)[pri:0, instance:testCases.AdminUsersTestcase@a38c7fe]" started-at="2022-11-10T21:34:30 GST" name="aftermethod" finished-at="2022-11-10T21:34:30 GST" duration-ms="207" status="PASS">
          <params>
            <param index="0">
              <value>
                <![CDATA[[TestResult name=compUserTypes status=SUCCESS method=AdminUsersTestcase.compUserTypes()[pri:0, instance:testCases.AdminUsersTestcase@a38c7fe] output={null}]]]>
              </value>
            </param>
          </params>
          <reporter-output>
          </reporter-output>
        </test-method> <!-- aftermethod -->
        <test-method is-config="true" signature="beforemethod(java.lang.String)[pri:0, instance:testCases.AdminUsersTestcase@a38c7fe]" started-at="2022-11-10T21:34:30 GST" name="beforemethod" finished-at="2022-11-10T21:34:35 GST" duration-ms="5489" status="PASS">
          <params>
            <param index="0">
              <value>
                <![CDATA[chrome]]>
              </value>
            </param>
          </params>
          <reporter-output>
          </reporter-output>
        </test-method> <!-- beforemethod -->
        <test-method signature="validateUniqueUserName()[pri:0, instance:testCases.AdminUsersTestcase@a38c7fe]" started-at="2022-11-10T21:34:35 GST" name="validateUniqueUserName" finished-at="2022-11-10T21:34:38 GST" duration-ms="2721" status="PASS">
          <reporter-output>
          </reporter-output>
        </test-method> <!-- validateUniqueUserName -->
        <test-method is-config="true" signature="aftermethod(org.testng.ITestResult)[pri:0, instance:testCases.AdminUsersTestcase@a38c7fe]" started-at="2022-11-10T21:34:38 GST" name="aftermethod" finished-at="2022-11-10T21:34:38 GST" duration-ms="324" status="PASS">
          <params>
            <param index="0">
              <value>
                <![CDATA[[TestResult name=validateUniqueUserName status=SUCCESS method=AdminUsersTestcase.validateUniqueUserName()[pri:0, instance:testCases.AdminUsersTestcase@a38c7fe] output={null}]]]>
              </value>
            </param>
          </params>
          <reporter-output>
          </reporter-output>
        </test-method> <!-- aftermethod -->
      </class> <!-- testCases.AdminUsersTestcase -->
      <class name="testCases.DashBoardTestCase">
        <test-method is-config="true" signature="beforemethod(java.lang.String)[pri:0, instance:testCases.DashBoardTestCase@17497425]" started-at="2022-11-10T21:27:37 GST" name="beforemethod" finished-at="2022-11-10T21:27:43 GST" duration-ms="6842" status="PASS">
          <params>
            <param index="0">
              <value>
                <![CDATA[chrome]]>
              </value>
            </param>
          </params>
          <reporter-output>
          </reporter-output>
        </test-method> <!-- beforemethod -->
        <test-method signature="checkColorHomeBtn()[pri:0, instance:testCases.DashBoardTestCase@17497425]" started-at="2022-11-10T21:27:43 GST" name="checkColorHomeBtn" finished-at="2022-11-10T21:27:45 GST" duration-ms="1531" status="PASS">
          <reporter-output>
          </reporter-output>
        </test-method> <!-- checkColorHomeBtn -->
        <test-method is-config="true" signature="aftermethod(org.testng.ITestResult)[pri:0, instance:testCases.DashBoardTestCase@17497425]" started-at="2022-11-10T21:27:45 GST" name="aftermethod" finished-at="2022-11-10T21:28:01 GST" duration-ms="16261" status="PASS">
          <params>
            <param index="0">
              <value>
                <![CDATA[[TestResult name=checkColorHomeBtn status=SUCCESS method=DashBoardTestCase.checkColorHomeBtn()[pri:0, instance:testCases.DashBoardTestCase@17497425] output={null}]]]>
              </value>
            </param>
          </params>
          <reporter-output>
          </reporter-output>
        </test-method> <!-- aftermethod -->
        <test-method is-config="true" signature="beforemethod(java.lang.String)[pri:0, instance:testCases.DashBoardTestCase@17497425]" started-at="2022-11-10T21:28:01 GST" name="beforemethod" finished-at="2022-11-10T21:28:07 GST" duration-ms="6001" status="PASS">
          <params>
            <param index="0">
              <value>
                <![CDATA[chrome]]>
              </value>
            </param>
          </params>
          <reporter-output>
          </reporter-output>
        </test-method> <!-- beforemethod -->
        <test-method signature="checkEnableBar()[pri:0, instance:testCases.DashBoardTestCase@17497425]" started-at="2022-11-10T21:28:07 GST" name="checkEnableBar" finished-at="2022-11-10T21:28:09 GST" duration-ms="1503" status="PASS">
          <reporter-output>
          </reporter-output>
        </test-method> <!-- checkEnableBar -->
        <test-method is-config="true" signature="aftermethod(org.testng.ITestResult)[pri:0, instance:testCases.DashBoardTestCase@17497425]" started-at="2022-11-10T21:28:09 GST" name="aftermethod" finished-at="2022-11-10T21:28:17 GST" duration-ms="8146" status="PASS">
          <params>
            <param index="0">
              <value>
                <![CDATA[[TestResult name=checkEnableBar status=SUCCESS method=DashBoardTestCase.checkEnableBar()[pri:0, instance:testCases.DashBoardTestCase@17497425] output={null}]]]>
              </value>
            </param>
          </params>
          <reporter-output>
          </reporter-output>
        </test-method> <!-- aftermethod -->
        <test-method is-config="true" signature="beforemethod(java.lang.String)[pri:0, instance:testCases.DashBoardTestCase@17497425]" started-at="2022-11-10T21:28:17 GST" name="beforemethod" finished-at="2022-11-10T21:28:22 GST" duration-ms="5644" status="PASS">
          <params>
            <param index="0">
              <value>
                <![CDATA[chrome]]>
              </value>
            </param>
          </params>
          <reporter-output>
          </reporter-output>
        </test-method> <!-- beforemethod -->
        <test-method signature="checkProfileName()[pri:0, instance:testCases.DashBoardTestCase@17497425]" started-at="2022-11-10T21:28:22 GST" name="checkProfileName" finished-at="2022-11-10T21:28:24 GST" duration-ms="1350" status="PASS">
          <reporter-output>
          </reporter-output>
        </test-method> <!-- checkProfileName -->
        <test-method is-config="true" signature="aftermethod(org.testng.ITestResult)[pri:0, instance:testCases.DashBoardTestCase@17497425]" started-at="2022-11-10T21:28:24 GST" name="aftermethod" finished-at="2022-11-10T21:28:40 GST" duration-ms="16298" status="PASS">
          <params>
            <param index="0">
              <value>
                <![CDATA[[TestResult name=checkProfileName status=SUCCESS method=DashBoardTestCase.checkProfileName()[pri:0, instance:testCases.DashBoardTestCase@17497425] output={null}]]]>
              </value>
            </param>
          </params>
          <reporter-output>
          </reporter-output>
        </test-method> <!-- aftermethod -->
      </class> <!-- testCases.DashBoardTestCase -->
      <class name="testCases.MobSliderTestcase">
        <test-method is-config="true" signature="beforemethod(java.lang.String)[pri:0, instance:testCases.MobSliderTestcase@70e9c95d]" started-at="2022-11-10T21:32:15 GST" name="beforemethod" finished-at="2022-11-10T21:32:21 GST" duration-ms="5570" status="PASS">
          <params>
            <param index="0">
              <value>
                <![CDATA[chrome]]>
              </value>
            </param>
          </params>
          <reporter-output>
          </reporter-output>
        </test-method> <!-- beforemethod -->
        <test-method signature="chkImagePresent()[pri:0, instance:testCases.MobSliderTestcase@70e9c95d]" started-at="2022-11-10T21:32:21 GST" name="chkImagePresent" finished-at="2022-11-10T21:32:31 GST" duration-ms="10098" status="PASS">
          <reporter-output>
          </reporter-output>
        </test-method> <!-- chkImagePresent -->
        <test-method is-config="true" signature="aftermethod(org.testng.ITestResult)[pri:0, instance:testCases.MobSliderTestcase@70e9c95d]" started-at="2022-11-10T21:32:31 GST" name="aftermethod" finished-at="2022-11-10T21:32:31 GST" duration-ms="253" status="PASS">
          <params>
            <param index="0">
              <value>
                <![CDATA[[TestResult name=chkImagePresent status=SUCCESS method=MobSliderTestcase.chkImagePresent()[pri:0, instance:testCases.MobSliderTestcase@70e9c95d] output={null}]]]>
              </value>
            </param>
          </params>
          <reporter-output>
          </reporter-output>
        </test-method> <!-- aftermethod -->
        <test-method is-config="true" signature="beforemethod(java.lang.String)[pri:0, instance:testCases.MobSliderTestcase@70e9c95d]" started-at="2022-11-10T21:32:31 GST" name="beforemethod" finished-at="2022-11-10T21:32:37 GST" duration-ms="5597" status="PASS">
          <params>
            <param index="0">
              <value>
                <![CDATA[chrome]]>
              </value>
            </param>
          </params>
          <reporter-output>
          </reporter-output>
        </test-method> <!-- beforemethod -->
        <test-method signature="chkStatus()[pri:0, instance:testCases.MobSliderTestcase@70e9c95d]" started-at="2022-11-10T21:32:37 GST" name="chkStatus" finished-at="2022-11-10T21:32:39 GST" duration-ms="2144" status="PASS">
          <reporter-output>
          </reporter-output>
        </test-method> <!-- chkStatus -->
        <test-method is-config="true" signature="aftermethod(org.testng.ITestResult)[pri:0, instance:testCases.MobSliderTestcase@70e9c95d]" started-at="2022-11-10T21:32:39 GST" name="aftermethod" finished-at="2022-11-10T21:32:39 GST" duration-ms="298" status="PASS">
          <params>
            <param index="0">
              <value>
                <![CDATA[[TestResult name=chkStatus status=SUCCESS method=MobSliderTestcase.chkStatus()[pri:0, instance:testCases.MobSliderTestcase@70e9c95d] output={null}]]]>
              </value>
            </param>
          </params>
          <reporter-output>
          </reporter-output>
        </test-method> <!-- aftermethod -->
        <test-method is-config="true" signature="beforemethod(java.lang.String)[pri:0, instance:testCases.MobSliderTestcase@70e9c95d]" started-at="2022-11-10T21:32:39 GST" name="beforemethod" finished-at="2022-11-10T21:32:45 GST" duration-ms="5516" status="PASS">
          <params>
            <param index="0">
              <value>
                <![CDATA[chrome]]>
              </value>
            </param>
          </params>
          <reporter-output>
          </reporter-output>
        </test-method> <!-- beforemethod -->
        <test-method signature="chkTitle()[pri:0, instance:testCases.MobSliderTestcase@70e9c95d]" started-at="2022-11-10T21:32:45 GST" name="chkTitle" finished-at="2022-11-10T21:32:47 GST" duration-ms="2094" status="PASS">
          <reporter-output>
          </reporter-output>
        </test-method> <!-- chkTitle -->
        <test-method is-config="true" signature="aftermethod(org.testng.ITestResult)[pri:0, instance:testCases.MobSliderTestcase@70e9c95d]" started-at="2022-11-10T21:32:47 GST" name="aftermethod" finished-at="2022-11-10T21:32:47 GST" duration-ms="235" status="PASS">
          <params>
            <param index="0">
              <value>
                <![CDATA[[TestResult name=chkTitle status=SUCCESS method=MobSliderTestcase.chkTitle()[pri:0, instance:testCases.MobSliderTestcase@70e9c95d] output={null}]]]>
              </value>
            </param>
          </params>
          <reporter-output>
          </reporter-output>
        </test-method> <!-- aftermethod -->
        <test-method is-config="true" signature="beforemethod(java.lang.String)[pri:0, instance:testCases.MobSliderTestcase@70e9c95d]" started-at="2022-11-10T21:32:47 GST" name="beforemethod" finished-at="2022-11-10T21:32:52 GST" duration-ms="5420" status="PASS">
          <params>
            <param index="0">
              <value>
                <![CDATA[chrome]]>
              </value>
            </param>
          </params>
          <reporter-output>
          </reporter-output>
        </test-method> <!-- beforemethod -->
        <test-method signature="chkbgcolor()[pri:0, instance:testCases.MobSliderTestcase@70e9c95d]" started-at="2022-11-10T21:32:52 GST" name="chkbgcolor" finished-at="2022-11-10T21:32:57 GST" duration-ms="5046" status="PASS">
          <reporter-output>
          </reporter-output>
        </test-method> <!-- chkbgcolor -->
        <test-method is-config="true" signature="aftermethod(org.testng.ITestResult)[pri:0, instance:testCases.MobSliderTestcase@70e9c95d]" started-at="2022-11-10T21:32:57 GST" name="aftermethod" finished-at="2022-11-10T21:32:58 GST" duration-ms="254" status="PASS">
          <params>
            <param index="0">
              <value>
                <![CDATA[[TestResult name=chkbgcolor status=SUCCESS method=MobSliderTestcase.chkbgcolor()[pri:0, instance:testCases.MobSliderTestcase@70e9c95d] output={null}]]]>
              </value>
            </param>
          </params>
          <reporter-output>
          </reporter-output>
        </test-method> <!-- aftermethod -->
        <test-method is-config="true" signature="beforemethod(java.lang.String)[pri:0, instance:testCases.MobSliderTestcase@70e9c95d]" started-at="2022-11-10T21:32:58 GST" name="beforemethod" finished-at="2022-11-10T21:33:03 GST" duration-ms="5648" status="PASS">
          <params>
            <param index="0">
              <value>
                <![CDATA[chrome]]>
              </value>
            </param>
          </params>
          <reporter-output>
          </reporter-output>
        </test-method> <!-- beforemethod -->
        <test-method signature="uploadBigImage()[pri:0, instance:testCases.MobSliderTestcase@70e9c95d]" started-at="2022-11-10T21:33:03 GST" name="uploadBigImage" finished-at="2022-11-10T21:33:26 GST" duration-ms="22311" status="PASS">
          <reporter-output>
          </reporter-output>
        </test-method> <!-- uploadBigImage -->
        <test-method is-config="true" signature="aftermethod(org.testng.ITestResult)[pri:0, instance:testCases.MobSliderTestcase@70e9c95d]" started-at="2022-11-10T21:33:26 GST" name="aftermethod" finished-at="2022-11-10T21:33:26 GST" duration-ms="357" status="PASS">
          <params>
            <param index="0">
              <value>
                <![CDATA[[TestResult name=uploadBigImage status=SUCCESS method=MobSliderTestcase.uploadBigImage()[pri:0, instance:testCases.MobSliderTestcase@70e9c95d] output={null}]]]>
              </value>
            </param>
          </params>
          <reporter-output>
          </reporter-output>
        </test-method> <!-- aftermethod -->
      </class> <!-- testCases.MobSliderTestcase -->
    </test> <!-- My Test -->
  </suite> <!-- My Test Suite -->
</testng-results>
