<?xml version="1.0" encoding="UTF-8"?>
<testng-results ignored="1" total="2" passed="1" failed="0" skipped="0">
  <reporter-output>
  </reporter-output>
  <suite started-at="2022-11-13T14:23:17 GST" name="My Testsuite" finished-at="2022-11-13T14:23:58 GST" duration-ms="41469">
    <groups>
    </groups>
    <test started-at="2022-11-13T14:23:17 GST" name="ChromeTest" finished-at="2022-11-13T14:23:58 GST" duration-ms="41469">
      <class name="testCases.MngExpenseTestcase">
        <test-method is-config="true" signature="beforemethod(java.lang.String)[pri:0, instance:testCases.MngExpenseTestcase@7e7be63f]" started-at="2022-11-13T14:23:17 GST" name="beforemethod" finished-at="2022-11-13T14:23:24 GST" duration-ms="7112" status="PASS">
          <params>
            <param index="0">
              <value>
                <![CDATA[chrome]]>
              </value>
            </param>
          </params>
          <reporter-output>
          </reporter-output>
        </test-method> <!-- beforemethod -->
        <test-method signature="chkFileUpload()[pri:0, instance:testCases.MngExpenseTestcase@7e7be63f]" started-at="2022-11-13T14:23:24 GST" name="chkFileUpload" finished-at="2022-11-13T14:23:42 GST" duration-ms="18104" status="PASS">
          <reporter-output>
          </reporter-output>
        </test-method> <!-- chkFileUpload -->
        <test-method is-config="true" signature="aftermethod(org.testng.ITestResult)[pri:0, instance:testCases.MngExpenseTestcase@7e7be63f]" started-at="2022-11-13T14:23:42 GST" name="aftermethod" finished-at="2022-11-13T14:23:58 GST" duration-ms="16209" status="PASS">
          <params>
            <param index="0">
              <value>
                <![CDATA[[TestResult name=chkFileUpload status=SUCCESS method=MngExpenseTestcase.chkFileUpload()[pri:0, instance:testCases.MngExpenseTestcase@7e7be63f] output={null}]]]>
              </value>
            </param>
          </params>
          <reporter-output>
          </reporter-output>
        </test-method> <!-- aftermethod -->
      </class> <!-- testCases.MngExpenseTestcase -->
    </test> <!-- ChromeTest -->
  </suite> <!-- My Testsuite -->
</testng-results>
