<?xml version="1.0" encoding="UTF-8"?>
<!-- Generated by org.testng.reporters.JUnitXMLReporter -->
<testsuite ignored="1" hostname="DESKTOP-0ILCENT" failures="0" tests="1" name="ChromeTest" time="16.699" errors="0" timestamp="2022-11-12T20:33:23 GST">
  <testcase classname="testCases.MngExpenseTestcase" name="chkCalendar" time="7.417"/>
  <testcase classname="testCases.MngExpenseTestcase" name="chkFileUpload" time="0.0">
    <ignored/>
  </testcase> <!-- chkFileUpload -->
</testsuite> <!-- ChromeTest -->
