<?xml version="1.0" encoding="UTF-8"?>
<!-- Generated by org.testng.reporters.JUnitXMLReporter -->
<testsuite ignored="1" hostname="DESKTOP-0ILCENT" failures="3" tests="3" name="ChromeTest" time="29.467" errors="0" timestamp="2022-10-31T07:51:05 GST">
  <testcase classname="testCases.MngOrdersTestcase" name="chkElementsStatus" time="2.895">
    <failure type="java.lang.AssertionError" message="Selected option and expected are not matching expected [Paid] but found [Select]">
      <![CDATA[java.lang.AssertionError: Selected option and expected are not matching expected [Paid] but found [Select]
at testCases.MngOrdersTestcase.chkElementsStatus(MngOrdersTestcase.java:47)
at java.base/java.util.ArrayList.forEach(ArrayList.java:1511)
... Removed 32 stack frames]]>
    </failure>
  </testcase> <!-- chkElementsStatus -->
  <testcase classname="testCases.MngOrdersTestcase" name="chkElementsStatus" time="2.813">
    <failure type="java.lang.AssertionError" message="Selected option and expected are not matching expected [Select] but found [Paid]">
      <![CDATA[java.lang.AssertionError: Selected option and expected are not matching expected [Select] but found [Paid]
at testCases.MngOrdersTestcase.chkElementsStatus(MngOrdersTestcase.java:47)
at java.base/java.util.ArrayList.forEach(ArrayList.java:1511)
... Removed 32 stack frames]]>
    </failure>
  </testcase> <!-- chkElementsStatus -->
  <testcase classname="testCases.MngOrdersTestcase" name="chkElementsStatus" time="2.769">
    <failure type="java.lang.AssertionError" message="Selected option and expected are not matching expected [Select] but found [Delivered]">
      <![CDATA[java.lang.AssertionError: Selected option and expected are not matching expected [Select] but found [Delivered]
at testCases.MngOrdersTestcase.chkElementsStatus(MngOrdersTestcase.java:47)
at java.base/java.util.ArrayList.forEach(ArrayList.java:1511)
... Removed 32 stack frames]]>
    </failure>
  </testcase> <!-- chkElementsStatus -->
  <testcase classname="testCases.MngOrdersTestcase" name="chkSrchByPaymentMode" time="0.0">
    <ignored/>
  </testcase> <!-- chkSrchByPaymentMode -->
</testsuite> <!-- ChromeTest -->
