<?xml version="1.0" encoding="UTF-8"?>
<!-- Generated by org.testng.reporters.JUnitXMLReporter -->
<testsuite ignored="4" hostname="DESKTOP-0ILCENT" failures="0" tests="2" name="Test" time="15.484" errors="0" timestamp="2022-10-21T07:42:24 GST">
  <testcase classname="testCases.LoginTestcase" name="verifyLoggedUsers1" time="0.068"/>
  <testcase classname="testCases.DashBoardTestCase" name="checkProfileName" time="1.738"/>
  <testcase classname="testCases.DashBoardTestCase" name="checkEnableBar" time="0.0">
    <ignored/>
  </testcase> <!-- checkEnableBar -->
  <testcase classname="testCases.DashBoardTestCase" name="checkColorHomeBtn" time="0.0">
    <ignored/>
  </testcase> <!-- checkColorHomeBtn -->
  <testcase classname="testCases.LoginTestcase" name="verifyLoggedUsers" time="0.0">
    <ignored/>
  </testcase> <!-- verifyLoggedUsers -->
  <testcase classname="testCases.LoginTestcase" name="verifyCheckBox" time="0.0">
    <ignored/>
  </testcase> <!-- verifyCheckBox -->
</testsuite> <!-- Test -->
